2026/05/19 12:49:45 main.go:11: exit_monitor: starting one-shot pass
2026/05/19 12:49:45 monitor.go:33: exit_monitor: config loaded stopLoss=150 takeProfitPct=40%
2026/05/19 12:49:45 monitor.go:49: exit_monitor: price fetch error for 665374: gamma parse price : strconv.ParseFloat: parsing "": invalid syntax
2026/05/19 12:49:45 monitor.go:49: exit_monitor: price fetch error for 553866: gamma parse price : strconv.ParseFloat: parsing "": invalid syntax
2026/05/19 12:49:45 monitor.go:49: exit_monitor: price fetch error for 2237150: gamma parse price : strconv.ParseFloat: parsing "": invalid syntax
2026/05/19 12:49:45 monitor.go:108: exit_monitor: 0 closed, 3 remaining
2026/05/19 12:49:45 main.go:13: exit_monitor: done
2026/05/19 13:15:01 main.go:11: exit_monitor: starting one-shot pass
2026/05/19 13:15:02 monitor.go:33: exit_monitor: config loaded stopLoss=150 takeProfitPct=40%
2026/05/19 13:15:02 monitor.go:49: exit_monitor: price fetch error for 2237150: gamma parse price : strconv.ParseFloat: parsing "": invalid syntax
2026/05/19 13:15:02 monitor.go:49: exit_monitor: price fetch error for 789540: gamma parse price : strconv.ParseFloat: parsing "": invalid syntax
2026/05/19 13:15:02 monitor.go:49: exit_monitor: price fetch error for 789542: gamma parse price : strconv.ParseFloat: parsing "": invalid syntax
2026/05/19 13:15:02 monitor.go:49: exit_monitor: price fetch error for 2046958: gamma parse price : strconv.ParseFloat: parsing "": invalid syntax
2026/05/19 13:15:02 monitor.go:49: exit_monitor: price fetch error for 2242165: gamma parse price : strconv.ParseFloat: parsing "": invalid syntax
2026/05/19 13:15:02 monitor.go:49: exit_monitor: price fetch error for 2242161: gamma parse price : strconv.ParseFloat: parsing "": invalid syntax
2026/05/19 13:15:02 monitor.go:49: exit_monitor: price fetch error for 2205022: gamma parse price : strconv.ParseFloat: parsing "": invalid syntax
2026/05/19 13:15:02 monitor.go:49: exit_monitor: price fetch error for 2205062: gamma parse price : strconv.ParseFloat: parsing "": invalid syntax
2026/05/19 13:15:02 monitor.go:49: exit_monitor: price fetch error for 2170973: gamma parse price : strconv.ParseFloat: parsing "": invalid syntax
2026/05/19 13:15:02 monitor.go:49: exit_monitor: price fetch error for 2170978: gamma parse price : strconv.ParseFloat: parsing "": invalid syntax
2026/05/19 13:15:02 monitor.go:49: exit_monitor: price fetch error for 2241872: gamma parse price : strconv.ParseFloat: parsing "": invalid syntax
2026/05/19 13:15:02 monitor.go:49: exit_monitor: price fetch error for 2119227: gamma parse price : strconv.ParseFloat: parsing "": invalid syntax
2026/05/19 13:15:02 monitor.go:49: exit_monitor: price fetch error for 2237154: gamma parse price : strconv.ParseFloat: parsing "": invalid syntax
2026/05/19 13:15:02 monitor.go:108: exit_monitor: 0 closed, 13 remaining
2026/05/19 13:15:02 main.go:13: exit_monitor: done
2026/05/19 13:20:01 main.go:11: exit_monitor: starting one-shot pass
2026/05/19 13:20:01 monitor.go:33: exit_monitor: config loaded stopLoss=150 takeProfitPct=40%
2026/05/19 13:20:01 monitor.go:49: exit_monitor: price fetch error for 2237150: gamma parse price : strconv.ParseFloat: parsing "": invalid syntax
2026/05/19 13:20:01 monitor.go:49: exit_monitor: price fetch error for 789540: gamma parse price : strconv.ParseFloat: parsing "": invalid syntax
2026/05/19 13:20:01 monitor.go:49: exit_monitor: price fetch error for 789542: gamma parse price : strconv.ParseFloat: parsing "": invalid syntax
2026/05/19 13:20:01 monitor.go:49: exit_monitor: price fetch error for 2046958: gamma parse price : strconv.ParseFloat: parsing "": invalid syntax
2026/05/19 13:20:01 monitor.go:49: exit_monitor: price fetch error for 2242165: gamma parse price : strconv.ParseFloat: parsing "": invalid syntax
2026/05/19 13:20:01 monitor.go:49: exit_monitor: price fetch error for 2242161: gamma parse price : strconv.ParseFloat: parsing "": invalid syntax
2026/05/19 13:20:01 monitor.go:49: exit_monitor: price fetch error for 2205022: gamma parse price : strconv.ParseFloat: parsing "": invalid syntax
2026/05/19 13:20:01 monitor.go:49: exit_monitor: price fetch error for 2205062: gamma parse price : strconv.ParseFloat: parsing "": invalid syntax
2026/05/19 13:20:01 monitor.go:49: exit_monitor: price fetch error for 2170973: gamma parse price : strconv.ParseFloat: parsing "": invalid syntax
2026/05/19 13:20:01 monitor.go:49: exit_monitor: price fetch error for 2170978: gamma parse price : strconv.ParseFloat: parsing "": invalid syntax
2026/05/19 13:20:01 monitor.go:49: exit_monitor: price fetch error for 2241872: gamma parse price : strconv.ParseFloat: parsing "": invalid syntax
2026/05/19 13:20:01 monitor.go:49: exit_monitor: price fetch error for 2119227: gamma parse price : strconv.ParseFloat: parsing "": invalid syntax
2026/05/19 13:20:01 monitor.go:49: exit_monitor: price fetch error for 2237154: gamma parse price : strconv.ParseFloat: parsing "": invalid syntax
2026/05/19 13:20:01 monitor.go:108: exit_monitor: 0 closed, 13 remaining
2026/05/19 13:20:01 main.go:13: exit_monitor: done
2026/05/19 13:25:01 main.go:11: exit_monitor: starting one-shot pass
2026/05/19 13:25:01 monitor.go:33: exit_monitor: config loaded stopLoss=150 takeProfitPct=40%
2026/05/19 13:25:01 monitor.go:49: exit_monitor: price fetch error for 2237150: gamma parse price : strconv.ParseFloat: parsing "": invalid syntax
2026/05/19 13:25:01 monitor.go:49: exit_monitor: price fetch error for 789540: gamma parse price : strconv.ParseFloat: parsing "": invalid syntax
2026/05/19 13:25:01 monitor.go:49: exit_monitor: price fetch error for 789542: gamma parse price : strconv.ParseFloat: parsing "": invalid syntax
2026/05/19 13:25:01 monitor.go:49: exit_monitor: price fetch error for 2046958: gamma parse price : strconv.ParseFloat: parsing "": invalid syntax
2026/05/19 13:25:02 monitor.go:49: exit_monitor: price fetch error for 2242165: gamma parse price : strconv.ParseFloat: parsing "": invalid syntax
2026/05/19 13:25:02 monitor.go:49: exit_monitor: price fetch error for 2242161: gamma parse price : strconv.ParseFloat: parsing "": invalid syntax
2026/05/19 13:25:02 monitor.go:49: exit_monitor: price fetch error for 2205022: gamma parse price : strconv.ParseFloat: parsing "": invalid syntax
2026/05/19 13:25:02 monitor.go:49: exit_monitor: price fetch error for 2205062: gamma parse price : strconv.ParseFloat: parsing "": invalid syntax
2026/05/19 13:25:02 monitor.go:49: exit_monitor: price fetch error for 2170973: gamma parse price : strconv.ParseFloat: parsing "": invalid syntax
2026/05/19 13:25:02 monitor.go:49: exit_monitor: price fetch error for 2170978: gamma parse price : strconv.ParseFloat: parsing "": invalid syntax
2026/05/19 13:25:02 monitor.go:49: exit_monitor: price fetch error for 2241872: gamma parse price : strconv.ParseFloat: parsing "": invalid syntax
2026/05/19 13:25:02 monitor.go:49: exit_monitor: price fetch error for 2119227: gamma parse price : strconv.ParseFloat: parsing "": invalid syntax
2026/05/19 13:25:02 monitor.go:49: exit_monitor: price fetch error for 2237154: gamma parse price : strconv.ParseFloat: parsing "": invalid syntax
2026/05/19 13:25:02 monitor.go:108: exit_monitor: 0 closed, 13 remaining
2026/05/19 13:25:02 main.go:13: exit_monitor: done
2026/05/19 13:30:01 main.go:11: exit_monitor: starting one-shot pass
2026/05/19 13:30:01 monitor.go:33: exit_monitor: config loaded stopLoss=150 takeProfitPct=40%
2026/05/19 13:30:01 monitor.go:49: exit_monitor: price fetch error for 2237150: gamma parse price : strconv.ParseFloat: parsing "": invalid syntax
2026/05/19 13:30:01 monitor.go:49: exit_monitor: price fetch error for 789540: gamma parse price : strconv.ParseFloat: parsing "": invalid syntax
2026/05/19 13:30:01 monitor.go:49: exit_monitor: price fetch error for 789542: gamma parse price : strconv.ParseFloat: parsing "": invalid syntax
2026/05/19 13:30:01 monitor.go:49: exit_monitor: price fetch error for 2046958: gamma parse price : strconv.ParseFloat: parsing "": invalid syntax
2026/05/19 13:30:01 monitor.go:49: exit_monitor: price fetch error for 2242165: gamma parse price : strconv.ParseFloat: parsing "": invalid syntax
2026/05/19 13:30:01 monitor.go:49: exit_monitor: price fetch error for 2242161: gamma parse price : strconv.ParseFloat: parsing "": invalid syntax
2026/05/19 13:30:01 monitor.go:49: exit_monitor: price fetch error for 2205022: gamma parse price : strconv.ParseFloat: parsing "": invalid syntax
2026/05/19 13:30:01 monitor.go:49: exit_monitor: price fetch error for 2205062: gamma parse price : strconv.ParseFloat: parsing "": invalid syntax
2026/05/19 13:30:01 monitor.go:49: exit_monitor: price fetch error for 2170973: gamma parse price : strconv.ParseFloat: parsing "": invalid syntax
2026/05/19 13:30:01 monitor.go:49: exit_monitor: price fetch error for 2170978: gamma parse price : strconv.ParseFloat: parsing "": invalid syntax
2026/05/19 13:30:01 monitor.go:49: exit_monitor: price fetch error for 2241872: gamma parse price : strconv.ParseFloat: parsing "": invalid syntax
2026/05/19 13:30:01 monitor.go:49: exit_monitor: price fetch error for 2119227: gamma parse price : strconv.ParseFloat: parsing "": invalid syntax
2026/05/19 13:30:01 monitor.go:49: exit_monitor: price fetch error for 2237154: gamma parse price : strconv.ParseFloat: parsing "": invalid syntax
2026/05/19 13:30:01 monitor.go:108: exit_monitor: 0 closed, 13 remaining
2026/05/19 13:30:01 main.go:13: exit_monitor: done
2026/05/19 13:35:01 main.go:11: exit_monitor: starting one-shot pass
2026/05/19 13:35:01 monitor.go:33: exit_monitor: config loaded stopLoss=150 takeProfitPct=40%
2026/05/19 13:35:02 monitor.go:49: exit_monitor: price fetch error for 2237150: gamma parse price : strconv.ParseFloat: parsing "": invalid syntax
2026/05/19 13:35:02 monitor.go:49: exit_monitor: price fetch error for 789540: gamma parse price : strconv.ParseFloat: parsing "": invalid syntax
2026/05/19 13:35:02 monitor.go:49: exit_monitor: price fetch error for 789542: gamma parse price : strconv.ParseFloat: parsing "": invalid syntax
2026/05/19 13:35:02 monitor.go:49: exit_monitor: price fetch error for 2046958: gamma parse price : strconv.ParseFloat: parsing "": invalid syntax
2026/05/19 13:35:02 monitor.go:49: exit_monitor: price fetch error for 2242165: gamma parse price : strconv.ParseFloat: parsing "": invalid syntax
2026/05/19 13:35:02 monitor.go:49: exit_monitor: price fetch error for 2242161: gamma parse price : strconv.ParseFloat: parsing "": invalid syntax
2026/05/19 13:35:02 monitor.go:49: exit_monitor: price fetch error for 2205022: gamma parse price : strconv.ParseFloat: parsing "": invalid syntax
2026/05/19 13:35:02 monitor.go:49: exit_monitor: price fetch error for 2205062: gamma parse price : strconv.ParseFloat: parsing "": invalid syntax
2026/05/19 13:35:02 monitor.go:49: exit_monitor: price fetch error for 2170973: gamma parse price : strconv.ParseFloat: parsing "": invalid syntax
2026/05/19 13:35:02 monitor.go:49: exit_monitor: price fetch error for 2170978: gamma parse price : strconv.ParseFloat: parsing "": invalid syntax
2026/05/19 13:35:02 monitor.go:49: exit_monitor: price fetch error for 2241872: gamma parse price : strconv.ParseFloat: parsing "": invalid syntax
2026/05/19 13:35:02 monitor.go:49: exit_monitor: price fetch error for 2119227: gamma parse price : strconv.ParseFloat: parsing "": invalid syntax
2026/05/19 13:35:02 monitor.go:49: exit_monitor: price fetch error for 2237154: gamma parse price : strconv.ParseFloat: parsing "": invalid syntax
2026/05/19 13:35:02 monitor.go:108: exit_monitor: 0 closed, 13 remaining
2026/05/19 13:35:02 main.go:13: exit_monitor: done
2026/05/19 13:40:01 main.go:11: exit_monitor: starting one-shot pass
2026/05/19 13:40:01 monitor.go:33: exit_monitor: config loaded stopLoss=150 takeProfitPct=40%
2026/05/19 13:40:01 monitor.go:49: exit_monitor: price fetch error for 2237150: gamma parse price : strconv.ParseFloat: parsing "": invalid syntax
2026/05/19 13:40:01 monitor.go:49: exit_monitor: price fetch error for 789540: gamma parse price : strconv.ParseFloat: parsing "": invalid syntax
2026/05/19 13:40:01 monitor.go:49: exit_monitor: price fetch error for 789542: gamma parse price : strconv.ParseFloat: parsing "": invalid syntax
2026/05/19 13:40:01 monitor.go:49: exit_monitor: price fetch error for 2046958: gamma parse price : strconv.ParseFloat: parsing "": invalid syntax
2026/05/19 13:40:01 monitor.go:49: exit_monitor: price fetch error for 2242165: gamma parse price : strconv.ParseFloat: parsing "": invalid syntax
2026/05/19 13:40:01 monitor.go:49: exit_monitor: price fetch error for 2242161: gamma parse price : strconv.ParseFloat: parsing "": invalid syntax
2026/05/19 13:40:01 monitor.go:49: exit_monitor: price fetch error for 2205022: gamma parse price : strconv.ParseFloat: parsing "": invalid syntax
2026/05/19 13:40:01 monitor.go:49: exit_monitor: price fetch error for 2205062: gamma parse price : strconv.ParseFloat: parsing "": invalid syntax
2026/05/19 13:40:01 monitor.go:49: exit_monitor: price fetch error for 2170973: gamma parse price : strconv.ParseFloat: parsing "": invalid syntax
2026/05/19 13:40:01 monitor.go:49: exit_monitor: price fetch error for 2170978: gamma parse price : strconv.ParseFloat: parsing "": invalid syntax
2026/05/19 13:40:01 monitor.go:49: exit_monitor: price fetch error for 2241872: gamma parse price : strconv.ParseFloat: parsing "": invalid syntax
2026/05/19 13:40:01 monitor.go:49: exit_monitor: price fetch error for 2119227: gamma parse price : strconv.ParseFloat: parsing "": invalid syntax
2026/05/19 13:40:01 monitor.go:49: exit_monitor: price fetch error for 2237154: gamma parse price : strconv.ParseFloat: parsing "": invalid syntax
2026/05/19 13:40:01 monitor.go:108: exit_monitor: 0 closed, 13 remaining
2026/05/19 13:40:01 main.go:13: exit_monitor: done
2026/05/19 13:45:01 main.go:11: exit_monitor: starting one-shot pass
2026/05/19 13:45:01 monitor.go:33: exit_monitor: config loaded stopLoss=150 takeProfitPct=40%
2026/05/19 13:45:01 monitor.go:49: exit_monitor: price fetch error for 2237150: gamma parse price : strconv.ParseFloat: parsing "": invalid syntax
2026/05/19 13:45:01 monitor.go:49: exit_monitor: price fetch error for 789540: gamma parse price : strconv.ParseFloat: parsing "": invalid syntax
2026/05/19 13:45:01 monitor.go:49: exit_monitor: price fetch error for 789542: gamma parse price : strconv.ParseFloat: parsing "": invalid syntax
2026/05/19 13:45:01 monitor.go:49: exit_monitor: price fetch error for 2046958: gamma parse price : strconv.ParseFloat: parsing "": invalid syntax
2026/05/19 13:45:01 monitor.go:49: exit_monitor: price fetch error for 2242165: gamma parse price : strconv.ParseFloat: parsing "": invalid syntax
2026/05/19 13:45:01 monitor.go:49: exit_monitor: price fetch error for 2242161: gamma parse price : strconv.ParseFloat: parsing "": invalid syntax
2026/05/19 13:45:01 monitor.go:49: exit_monitor: price fetch error for 2205022: gamma parse price : strconv.ParseFloat: parsing "": invalid syntax
2026/05/19 13:45:01 monitor.go:49: exit_monitor: price fetch error for 2205062: gamma parse price : strconv.ParseFloat: parsing "": invalid syntax
2026/05/19 13:45:01 monitor.go:49: exit_monitor: price fetch error for 2170973: gamma parse price : strconv.ParseFloat: parsing "": invalid syntax
2026/05/19 13:45:01 monitor.go:49: exit_monitor: price fetch error for 2170978: gamma parse price : strconv.ParseFloat: parsing "": invalid syntax
2026/05/19 13:45:01 monitor.go:49: exit_monitor: price fetch error for 2241872: gamma parse price : strconv.ParseFloat: parsing "": invalid syntax
2026/05/19 13:45:01 monitor.go:49: exit_monitor: price fetch error for 2119227: gamma parse price : strconv.ParseFloat: parsing "": invalid syntax
2026/05/19 13:45:01 monitor.go:49: exit_monitor: price fetch error for 2237154: gamma parse price : strconv.ParseFloat: parsing "": invalid syntax
2026/05/19 13:45:01 monitor.go:108: exit_monitor: 0 closed, 13 remaining
2026/05/19 13:45:01 main.go:13: exit_monitor: done
2026/05/19 13:50:01 main.go:11: exit_monitor: starting one-shot pass
2026/05/19 13:50:01 monitor.go:33: exit_monitor: config loaded stopLoss=150 takeProfitPct=40%
2026/05/19 13:50:01 monitor.go:49: exit_monitor: price fetch error for 2237150: gamma parse price : strconv.ParseFloat: parsing "": invalid syntax
2026/05/19 13:50:01 monitor.go:49: exit_monitor: price fetch error for 789540: gamma parse price : strconv.ParseFloat: parsing "": invalid syntax
2026/05/19 13:50:01 monitor.go:49: exit_monitor: price fetch error for 789542: gamma parse price : strconv.ParseFloat: parsing "": invalid syntax
2026/05/19 13:50:02 monitor.go:49: exit_monitor: price fetch error for 2046958: gamma parse price : strconv.ParseFloat: parsing "": invalid syntax
2026/05/19 13:50:02 monitor.go:49: exit_monitor: price fetch error for 2242165: gamma parse price : strconv.ParseFloat: parsing "": invalid syntax
2026/05/19 13:50:02 monitor.go:49: exit_monitor: price fetch error for 2242161: gamma parse price : strconv.ParseFloat: parsing "": invalid syntax
2026/05/19 13:50:02 monitor.go:49: exit_monitor: price fetch error for 2205022: gamma parse price : strconv.ParseFloat: parsing "": invalid syntax
2026/05/19 13:50:02 monitor.go:49: exit_monitor: price fetch error for 2205062: gamma parse price : strconv.ParseFloat: parsing "": invalid syntax
2026/05/19 13:50:02 monitor.go:49: exit_monitor: price fetch error for 2170973: gamma parse price : strconv.ParseFloat: parsing "": invalid syntax
2026/05/19 13:50:02 monitor.go:49: exit_monitor: price fetch error for 2170978: gamma parse price : strconv.ParseFloat: parsing "": invalid syntax
2026/05/19 13:50:02 monitor.go:49: exit_monitor: price fetch error for 2241872: gamma parse price : strconv.ParseFloat: parsing "": invalid syntax
2026/05/19 13:50:02 monitor.go:49: exit_monitor: price fetch error for 2119227: gamma parse price : strconv.ParseFloat: parsing "": invalid syntax
2026/05/19 13:50:02 monitor.go:49: exit_monitor: price fetch error for 2237154: gamma parse price : strconv.ParseFloat: parsing "": invalid syntax
2026/05/19 13:50:02 monitor.go:108: exit_monitor: 0 closed, 13 remaining
2026/05/19 13:50:02 main.go:13: exit_monitor: done
2026/05/19 13:55:01 main.go:11: exit_monitor: starting one-shot pass
2026/05/19 13:55:01 monitor.go:33: exit_monitor: config loaded stopLoss=150 takeProfitPct=40%
2026/05/19 13:55:01 monitor.go:49: exit_monitor: price fetch error for 2237150: gamma parse price : strconv.ParseFloat: parsing "": invalid syntax
2026/05/19 13:55:01 monitor.go:49: exit_monitor: price fetch error for 789540: gamma parse price : strconv.ParseFloat: parsing "": invalid syntax
2026/05/19 13:55:01 monitor.go:49: exit_monitor: price fetch error for 789542: gamma parse price : strconv.ParseFloat: parsing "": invalid syntax
2026/05/19 13:55:01 monitor.go:49: exit_monitor: price fetch error for 2046958: gamma parse price : strconv.ParseFloat: parsing "": invalid syntax
2026/05/19 13:55:01 monitor.go:49: exit_monitor: price fetch error for 2242165: gamma parse price : strconv.ParseFloat: parsing "": invalid syntax
2026/05/19 13:55:01 monitor.go:49: exit_monitor: price fetch error for 2242161: gamma parse price : strconv.ParseFloat: parsing "": invalid syntax
2026/05/19 13:55:01 monitor.go:49: exit_monitor: price fetch error for 2205022: gamma parse price : strconv.ParseFloat: parsing "": invalid syntax
2026/05/19 13:55:01 monitor.go:49: exit_monitor: price fetch error for 2205062: gamma parse price : strconv.ParseFloat: parsing "": invalid syntax
2026/05/19 13:55:01 monitor.go:49: exit_monitor: price fetch error for 2170973: gamma parse price : strconv.ParseFloat: parsing "": invalid syntax
2026/05/19 13:55:01 monitor.go:49: exit_monitor: price fetch error for 2170978: gamma parse price : strconv.ParseFloat: parsing "": invalid syntax
2026/05/19 13:55:01 monitor.go:49: exit_monitor: price fetch error for 2241872: gamma parse price : strconv.ParseFloat: parsing "": invalid syntax
2026/05/19 13:55:01 monitor.go:49: exit_monitor: price fetch error for 2119227: gamma parse price : strconv.ParseFloat: parsing "": invalid syntax
2026/05/19 13:55:01 monitor.go:49: exit_monitor: price fetch error for 2237154: gamma parse price : strconv.ParseFloat: parsing "": invalid syntax
2026/05/19 13:55:01 monitor.go:108: exit_monitor: 0 closed, 13 remaining
2026/05/19 13:55:01 main.go:13: exit_monitor: done
2026/05/19 14:00:01 main.go:11: exit_monitor: starting one-shot pass
2026/05/19 14:00:01 monitor.go:33: exit_monitor: config loaded stopLoss=150 takeProfitPct=40%
2026/05/19 14:00:01 monitor.go:49: exit_monitor: price fetch error for 2237150: gamma parse price : strconv.ParseFloat: parsing "": invalid syntax
2026/05/19 14:00:01 monitor.go:49: exit_monitor: price fetch error for 789540: gamma parse price : strconv.ParseFloat: parsing "": invalid syntax
2026/05/19 14:00:01 monitor.go:49: exit_monitor: price fetch error for 789542: gamma parse price : strconv.ParseFloat: parsing "": invalid syntax
2026/05/19 14:00:01 monitor.go:49: exit_monitor: price fetch error for 2046958: gamma parse price : strconv.ParseFloat: parsing "": invalid syntax
2026/05/19 14:00:01 monitor.go:49: exit_monitor: price fetch error for 2242165: gamma parse price : strconv.ParseFloat: parsing "": invalid syntax
2026/05/19 14:00:01 monitor.go:49: exit_monitor: price fetch error for 2242161: gamma parse price : strconv.ParseFloat: parsing "": invalid syntax
2026/05/19 14:00:01 monitor.go:49: exit_monitor: price fetch error for 2205022: gamma parse price : strconv.ParseFloat: parsing "": invalid syntax
2026/05/19 14:00:01 monitor.go:49: exit_monitor: price fetch error for 2205062: gamma parse price : strconv.ParseFloat: parsing "": invalid syntax
2026/05/19 14:00:01 monitor.go:49: exit_monitor: price fetch error for 2170973: gamma parse price : strconv.ParseFloat: parsing "": invalid syntax
2026/05/19 14:00:01 monitor.go:49: exit_monitor: price fetch error for 2170978: gamma parse price : strconv.ParseFloat: parsing "": invalid syntax
2026/05/19 14:00:01 monitor.go:49: exit_monitor: price fetch error for 2241872: gamma parse price : strconv.ParseFloat: parsing "": invalid syntax
2026/05/19 14:00:01 monitor.go:49: exit_monitor: price fetch error for 2119227: gamma parse price : strconv.ParseFloat: parsing "": invalid syntax
2026/05/19 14:00:01 monitor.go:49: exit_monitor: price fetch error for 2237154: gamma parse price : strconv.ParseFloat: parsing "": invalid syntax
2026/05/19 14:00:01 monitor.go:108: exit_monitor: 0 closed, 13 remaining
2026/05/19 14:00:01 main.go:13: exit_monitor: done
2026/05/19 14:05:01 main.go:11: exit_monitor: starting one-shot pass
2026/05/19 14:05:01 monitor.go:33: exit_monitor: config loaded stopLoss=150 takeProfitPct=40%
2026/05/19 14:05:01 monitor.go:49: exit_monitor: price fetch error for 2237150: gamma parse price : strconv.ParseFloat: parsing "": invalid syntax
2026/05/19 14:05:01 monitor.go:49: exit_monitor: price fetch error for 789540: gamma parse price : strconv.ParseFloat: parsing "": invalid syntax
2026/05/19 14:05:01 monitor.go:49: exit_monitor: price fetch error for 789542: gamma parse price : strconv.ParseFloat: parsing "": invalid syntax
2026/05/19 14:05:01 monitor.go:49: exit_monitor: price fetch error for 2046958: gamma parse price : strconv.ParseFloat: parsing "": invalid syntax
2026/05/19 14:05:01 monitor.go:49: exit_monitor: price fetch error for 2242165: gamma parse price : strconv.ParseFloat: parsing "": invalid syntax
2026/05/19 14:05:01 monitor.go:49: exit_monitor: price fetch error for 2242161: gamma parse price : strconv.ParseFloat: parsing "": invalid syntax
2026/05/19 14:05:01 monitor.go:49: exit_monitor: price fetch error for 2205022: gamma parse price : strconv.ParseFloat: parsing "": invalid syntax
2026/05/19 14:05:01 monitor.go:49: exit_monitor: price fetch error for 2205062: gamma parse price : strconv.ParseFloat: parsing "": invalid syntax
2026/05/19 14:05:01 monitor.go:49: exit_monitor: price fetch error for 2170973: gamma parse price : strconv.ParseFloat: parsing "": invalid syntax
2026/05/19 14:05:01 monitor.go:49: exit_monitor: price fetch error for 2170978: gamma parse price : strconv.ParseFloat: parsing "": invalid syntax
2026/05/19 14:05:01 monitor.go:49: exit_monitor: price fetch error for 2241872: gamma parse price : strconv.ParseFloat: parsing "": invalid syntax
2026/05/19 14:05:01 monitor.go:49: exit_monitor: price fetch error for 2119227: gamma parse price : strconv.ParseFloat: parsing "": invalid syntax
2026/05/19 14:05:01 monitor.go:49: exit_monitor: price fetch error for 2237154: gamma parse price : strconv.ParseFloat: parsing "": invalid syntax
2026/05/19 14:05:01 monitor.go:108: exit_monitor: 0 closed, 13 remaining
2026/05/19 14:05:01 main.go:13: exit_monitor: done
2026/05/19 14:10:01 main.go:11: exit_monitor: starting one-shot pass
2026/05/19 14:10:01 monitor.go:33: exit_monitor: config loaded stopLoss=150 takeProfitPct=40%
2026/05/19 14:10:01 monitor.go:49: exit_monitor: price fetch error for 2237150: gamma parse price : strconv.ParseFloat: parsing "": invalid syntax
2026/05/19 14:10:01 monitor.go:49: exit_monitor: price fetch error for 789540: gamma parse price : strconv.ParseFloat: parsing "": invalid syntax
2026/05/19 14:10:02 monitor.go:49: exit_monitor: price fetch error for 789542: gamma parse price : strconv.ParseFloat: parsing "": invalid syntax
2026/05/19 14:10:02 monitor.go:49: exit_monitor: price fetch error for 2046958: gamma parse price : strconv.ParseFloat: parsing "": invalid syntax
2026/05/19 14:10:02 monitor.go:49: exit_monitor: price fetch error for 2242165: gamma parse price : strconv.ParseFloat: parsing "": invalid syntax
2026/05/19 14:10:02 monitor.go:49: exit_monitor: price fetch error for 2242161: gamma parse price : strconv.ParseFloat: parsing "": invalid syntax
2026/05/19 14:10:02 monitor.go:49: exit_monitor: price fetch error for 2205022: gamma parse price : strconv.ParseFloat: parsing "": invalid syntax
2026/05/19 14:10:02 monitor.go:49: exit_monitor: price fetch error for 2205062: gamma parse price : strconv.ParseFloat: parsing "": invalid syntax
2026/05/19 14:10:02 monitor.go:49: exit_monitor: price fetch error for 2170973: gamma parse price : strconv.ParseFloat: parsing "": invalid syntax
2026/05/19 14:10:02 monitor.go:49: exit_monitor: price fetch error for 2170978: gamma parse price : strconv.ParseFloat: parsing "": invalid syntax
2026/05/19 14:10:02 monitor.go:49: exit_monitor: price fetch error for 2241872: gamma parse price : strconv.ParseFloat: parsing "": invalid syntax
2026/05/19 14:10:02 monitor.go:49: exit_monitor: price fetch error for 2119227: gamma parse price : strconv.ParseFloat: parsing "": invalid syntax
2026/05/19 14:10:02 monitor.go:49: exit_monitor: price fetch error for 2237154: gamma parse price : strconv.ParseFloat: parsing "": invalid syntax
2026/05/19 14:10:02 monitor.go:108: exit_monitor: 0 closed, 13 remaining
2026/05/19 14:10:02 main.go:13: exit_monitor: done
2026/05/19 14:15:01 main.go:11: exit_monitor: starting one-shot pass
2026/05/19 14:15:01 monitor.go:33: exit_monitor: config loaded stopLoss=150 takeProfitPct=40%
2026/05/19 14:15:01 monitor.go:49: exit_monitor: price fetch error for 2237150: gamma parse price : strconv.ParseFloat: parsing "": invalid syntax
2026/05/19 14:15:01 monitor.go:49: exit_monitor: price fetch error for 789540: gamma parse price : strconv.ParseFloat: parsing "": invalid syntax
2026/05/19 14:15:01 monitor.go:49: exit_monitor: price fetch error for 789542: gamma parse price : strconv.ParseFloat: parsing "": invalid syntax
2026/05/19 14:15:01 monitor.go:49: exit_monitor: price fetch error for 2046958: gamma parse price : strconv.ParseFloat: parsing "": invalid syntax
2026/05/19 14:15:01 monitor.go:49: exit_monitor: price fetch error for 2242165: gamma parse price : strconv.ParseFloat: parsing "": invalid syntax
2026/05/19 14:15:01 monitor.go:49: exit_monitor: price fetch error for 2242161: gamma parse price : strconv.ParseFloat: parsing "": invalid syntax
2026/05/19 14:15:01 monitor.go:49: exit_monitor: price fetch error for 2205022: gamma parse price : strconv.ParseFloat: parsing "": invalid syntax
2026/05/19 14:15:01 monitor.go:49: exit_monitor: price fetch error for 2205062: gamma parse price : strconv.ParseFloat: parsing "": invalid syntax
2026/05/19 14:15:01 monitor.go:49: exit_monitor: price fetch error for 2170973: gamma parse price : strconv.ParseFloat: parsing "": invalid syntax
2026/05/19 14:15:01 monitor.go:49: exit_monitor: price fetch error for 2170978: gamma parse price : strconv.ParseFloat: parsing "": invalid syntax
2026/05/19 14:15:01 monitor.go:49: exit_monitor: price fetch error for 2241872: gamma parse price : strconv.ParseFloat: parsing "": invalid syntax
2026/05/19 14:15:01 monitor.go:49: exit_monitor: price fetch error for 2119227: gamma parse price : strconv.ParseFloat: parsing "": invalid syntax
2026/05/19 14:15:01 monitor.go:49: exit_monitor: price fetch error for 2237154: gamma parse price : strconv.ParseFloat: parsing "": invalid syntax
2026/05/19 14:15:01 monitor.go:108: exit_monitor: 0 closed, 13 remaining
2026/05/19 14:15:01 main.go:13: exit_monitor: done
2026/05/19 14:20:01 main.go:11: exit_monitor: starting one-shot pass
2026/05/19 14:20:01 monitor.go:33: exit_monitor: config loaded stopLoss=150 takeProfitPct=40%
2026/05/19 14:20:01 monitor.go:49: exit_monitor: price fetch error for 2237150: gamma parse price : strconv.ParseFloat: parsing "": invalid syntax
2026/05/19 14:20:01 monitor.go:49: exit_monitor: price fetch error for 789540: gamma parse price : strconv.ParseFloat: parsing "": invalid syntax
2026/05/19 14:20:01 monitor.go:49: exit_monitor: price fetch error for 789542: gamma parse price : strconv.ParseFloat: parsing "": invalid syntax
2026/05/19 14:20:01 monitor.go:49: exit_monitor: price fetch error for 2046958: gamma parse price : strconv.ParseFloat: parsing "": invalid syntax
2026/05/19 14:20:01 monitor.go:49: exit_monitor: price fetch error for 2242165: gamma parse price : strconv.ParseFloat: parsing "": invalid syntax
2026/05/19 14:20:01 monitor.go:49: exit_monitor: price fetch error for 2242161: gamma parse price : strconv.ParseFloat: parsing "": invalid syntax
2026/05/19 14:20:01 monitor.go:49: exit_monitor: price fetch error for 2205022: gamma parse price : strconv.ParseFloat: parsing "": invalid syntax
2026/05/19 14:20:01 monitor.go:49: exit_monitor: price fetch error for 2205062: gamma parse price : strconv.ParseFloat: parsing "": invalid syntax
2026/05/19 14:20:01 monitor.go:49: exit_monitor: price fetch error for 2170973: gamma parse price : strconv.ParseFloat: parsing "": invalid syntax
2026/05/19 14:20:01 monitor.go:49: exit_monitor: price fetch error for 2170978: gamma parse price : strconv.ParseFloat: parsing "": invalid syntax
2026/05/19 14:20:01 monitor.go:49: exit_monitor: price fetch error for 2241872: gamma parse price : strconv.ParseFloat: parsing "": invalid syntax
2026/05/19 14:20:01 monitor.go:49: exit_monitor: price fetch error for 2119227: gamma parse price : strconv.ParseFloat: parsing "": invalid syntax
2026/05/19 14:20:01 monitor.go:49: exit_monitor: price fetch error for 2237154: gamma parse price : strconv.ParseFloat: parsing "": invalid syntax
2026/05/19 14:20:01 monitor.go:108: exit_monitor: 0 closed, 13 remaining
2026/05/19 14:20:01 main.go:13: exit_monitor: done
2026/05/19 14:25:01 main.go:11: exit_monitor: starting one-shot pass
2026/05/19 14:25:01 monitor.go:33: exit_monitor: config loaded stopLoss=150 takeProfitPct=40%
2026/05/19 14:25:02 monitor.go:49: exit_monitor: price fetch error for 2237150: gamma parse price : strconv.ParseFloat: parsing "": invalid syntax
2026/05/19 14:25:02 monitor.go:49: exit_monitor: price fetch error for 789540: gamma parse price : strconv.ParseFloat: parsing "": invalid syntax
2026/05/19 14:25:02 monitor.go:49: exit_monitor: price fetch error for 789542: gamma parse price : strconv.ParseFloat: parsing "": invalid syntax
2026/05/19 14:25:02 monitor.go:49: exit_monitor: price fetch error for 2046958: gamma parse price : strconv.ParseFloat: parsing "": invalid syntax
2026/05/19 14:25:02 monitor.go:49: exit_monitor: price fetch error for 2242165: gamma parse price : strconv.ParseFloat: parsing "": invalid syntax
2026/05/19 14:25:02 monitor.go:49: exit_monitor: price fetch error for 2242161: gamma parse price : strconv.ParseFloat: parsing "": invalid syntax
2026/05/19 14:25:02 monitor.go:49: exit_monitor: price fetch error for 2205022: gamma parse price : strconv.ParseFloat: parsing "": invalid syntax
2026/05/19 14:25:02 monitor.go:49: exit_monitor: price fetch error for 2205062: gamma parse price : strconv.ParseFloat: parsing "": invalid syntax
2026/05/19 14:25:02 monitor.go:49: exit_monitor: price fetch error for 2170973: gamma parse price : strconv.ParseFloat: parsing "": invalid syntax
2026/05/19 14:25:02 monitor.go:49: exit_monitor: price fetch error for 2170978: gamma parse price : strconv.ParseFloat: parsing "": invalid syntax
2026/05/19 14:25:02 monitor.go:49: exit_monitor: price fetch error for 2241872: gamma parse price : strconv.ParseFloat: parsing "": invalid syntax
2026/05/19 14:25:02 monitor.go:49: exit_monitor: price fetch error for 2119227: gamma parse price : strconv.ParseFloat: parsing "": invalid syntax
2026/05/19 14:25:02 monitor.go:49: exit_monitor: price fetch error for 2237154: gamma parse price : strconv.ParseFloat: parsing "": invalid syntax
2026/05/19 14:25:02 monitor.go:108: exit_monitor: 0 closed, 13 remaining
2026/05/19 14:25:02 main.go:13: exit_monitor: done
2026/05/19 14:30:01 main.go:11: exit_monitor: starting one-shot pass
2026/05/19 14:30:01 monitor.go:33: exit_monitor: config loaded stopLoss=150 takeProfitPct=40%
2026/05/19 14:30:01 monitor.go:49: exit_monitor: price fetch error for 2237150: gamma parse price : strconv.ParseFloat: parsing "": invalid syntax
2026/05/19 14:30:01 monitor.go:49: exit_monitor: price fetch error for 789540: gamma parse price : strconv.ParseFloat: parsing "": invalid syntax
2026/05/19 14:30:01 monitor.go:49: exit_monitor: price fetch error for 789542: gamma parse price : strconv.ParseFloat: parsing "": invalid syntax
2026/05/19 14:30:01 monitor.go:49: exit_monitor: price fetch error for 2046958: gamma parse price : strconv.ParseFloat: parsing "": invalid syntax
2026/05/19 14:30:01 monitor.go:49: exit_monitor: price fetch error for 2242165: gamma parse price : strconv.ParseFloat: parsing "": invalid syntax
2026/05/19 14:30:01 monitor.go:49: exit_monitor: price fetch error for 2242161: gamma parse price : strconv.ParseFloat: parsing "": invalid syntax
2026/05/19 14:30:01 monitor.go:49: exit_monitor: price fetch error for 2205022: gamma parse price : strconv.ParseFloat: parsing "": invalid syntax
2026/05/19 14:30:01 monitor.go:49: exit_monitor: price fetch error for 2205062: gamma parse price : strconv.ParseFloat: parsing "": invalid syntax
2026/05/19 14:30:01 monitor.go:49: exit_monitor: price fetch error for 2170973: gamma parse price : strconv.ParseFloat: parsing "": invalid syntax
2026/05/19 14:30:01 monitor.go:49: exit_monitor: price fetch error for 2170978: gamma parse price : strconv.ParseFloat: parsing "": invalid syntax
2026/05/19 14:30:01 monitor.go:49: exit_monitor: price fetch error for 2241872: gamma parse price : strconv.ParseFloat: parsing "": invalid syntax
2026/05/19 14:30:01 monitor.go:49: exit_monitor: price fetch error for 2119227: gamma parse price : strconv.ParseFloat: parsing "": invalid syntax
2026/05/19 14:30:01 monitor.go:49: exit_monitor: price fetch error for 2237154: gamma parse price : strconv.ParseFloat: parsing "": invalid syntax
2026/05/19 14:30:01 monitor.go:108: exit_monitor: 0 closed, 13 remaining
2026/05/19 14:30:01 main.go:13: exit_monitor: done
2026/05/19 14:35:01 main.go:11: exit_monitor: starting one-shot pass
2026/05/19 14:35:01 monitor.go:33: exit_monitor: config loaded stopLoss=150 takeProfitPct=40%
2026/05/19 14:35:01 monitor.go:49: exit_monitor: price fetch error for 2237150: gamma parse price : strconv.ParseFloat: parsing "": invalid syntax
2026/05/19 14:35:01 monitor.go:49: exit_monitor: price fetch error for 789540: gamma parse price : strconv.ParseFloat: parsing "": invalid syntax
2026/05/19 14:35:01 monitor.go:49: exit_monitor: price fetch error for 789542: gamma parse price : strconv.ParseFloat: parsing "": invalid syntax
2026/05/19 14:35:01 monitor.go:49: exit_monitor: price fetch error for 2046958: gamma parse price : strconv.ParseFloat: parsing "": invalid syntax
2026/05/19 14:35:01 monitor.go:49: exit_monitor: price fetch error for 2242165: gamma parse price : strconv.ParseFloat: parsing "": invalid syntax
2026/05/19 14:35:01 monitor.go:49: exit_monitor: price fetch error for 2242161: gamma parse price : strconv.ParseFloat: parsing "": invalid syntax
2026/05/19 14:35:01 monitor.go:49: exit_monitor: price fetch error for 2205022: gamma parse price : strconv.ParseFloat: parsing "": invalid syntax
2026/05/19 14:35:01 monitor.go:49: exit_monitor: price fetch error for 2205062: gamma parse price : strconv.ParseFloat: parsing "": invalid syntax
2026/05/19 14:35:02 monitor.go:49: exit_monitor: price fetch error for 2170973: gamma parse price : strconv.ParseFloat: parsing "": invalid syntax
2026/05/19 14:35:02 monitor.go:49: exit_monitor: price fetch error for 2170978: gamma parse price : strconv.ParseFloat: parsing "": invalid syntax
2026/05/19 14:35:02 monitor.go:49: exit_monitor: price fetch error for 2241872: gamma parse price : strconv.ParseFloat: parsing "": invalid syntax
2026/05/19 14:35:02 monitor.go:49: exit_monitor: price fetch error for 2119227: gamma parse price : strconv.ParseFloat: parsing "": invalid syntax
2026/05/19 14:35:02 monitor.go:49: exit_monitor: price fetch error for 2237154: gamma parse price : strconv.ParseFloat: parsing "": invalid syntax
2026/05/19 14:35:02 monitor.go:108: exit_monitor: 0 closed, 13 remaining
2026/05/19 14:35:02 main.go:13: exit_monitor: done
2026/05/19 14:40:01 main.go:11: exit_monitor: starting one-shot pass
2026/05/19 14:40:01 monitor.go:33: exit_monitor: config loaded stopLoss=150 takeProfitPct=40%
2026/05/19 14:40:01 monitor.go:49: exit_monitor: price fetch error for 2237150: gamma parse price : strconv.ParseFloat: parsing "": invalid syntax
2026/05/19 14:40:01 monitor.go:49: exit_monitor: price fetch error for 789540: gamma parse price : strconv.ParseFloat: parsing "": invalid syntax
2026/05/19 14:40:01 monitor.go:49: exit_monitor: price fetch error for 789542: gamma parse price : strconv.ParseFloat: parsing "": invalid syntax
2026/05/19 14:40:01 monitor.go:49: exit_monitor: price fetch error for 2046958: gamma parse price : strconv.ParseFloat: parsing "": invalid syntax
2026/05/19 14:40:01 monitor.go:49: exit_monitor: price fetch error for 2242165: gamma parse price : strconv.ParseFloat: parsing "": invalid syntax
2026/05/19 14:40:01 monitor.go:49: exit_monitor: price fetch error for 2242161: gamma parse price : strconv.ParseFloat: parsing "": invalid syntax
2026/05/19 14:40:01 monitor.go:49: exit_monitor: price fetch error for 2205022: gamma parse price : strconv.ParseFloat: parsing "": invalid syntax
2026/05/19 14:40:01 monitor.go:49: exit_monitor: price fetch error for 2205062: gamma parse price : strconv.ParseFloat: parsing "": invalid syntax
2026/05/19 14:40:01 monitor.go:49: exit_monitor: price fetch error for 2170973: gamma parse price : strconv.ParseFloat: parsing "": invalid syntax
2026/05/19 14:40:01 monitor.go:49: exit_monitor: price fetch error for 2170978: gamma parse price : strconv.ParseFloat: parsing "": invalid syntax
2026/05/19 14:40:01 monitor.go:49: exit_monitor: price fetch error for 2241872: gamma parse price : strconv.ParseFloat: parsing "": invalid syntax
2026/05/19 14:40:01 monitor.go:49: exit_monitor: price fetch error for 2119227: gamma parse price : strconv.ParseFloat: parsing "": invalid syntax
2026/05/19 14:40:01 monitor.go:49: exit_monitor: price fetch error for 2237154: gamma parse price : strconv.ParseFloat: parsing "": invalid syntax
2026/05/19 14:40:01 monitor.go:108: exit_monitor: 0 closed, 13 remaining
2026/05/19 14:40:01 main.go:13: exit_monitor: done
2026/05/19 14:45:01 main.go:11: exit_monitor: starting one-shot pass
2026/05/19 14:45:01 monitor.go:33: exit_monitor: config loaded stopLoss=150 takeProfitPct=40%
2026/05/19 14:45:01 monitor.go:49: exit_monitor: price fetch error for 2237150: gamma parse price : strconv.ParseFloat: parsing "": invalid syntax
2026/05/19 14:45:01 monitor.go:49: exit_monitor: price fetch error for 789540: gamma parse price : strconv.ParseFloat: parsing "": invalid syntax
2026/05/19 14:45:01 monitor.go:49: exit_monitor: price fetch error for 789542: gamma parse price : strconv.ParseFloat: parsing "": invalid syntax
2026/05/19 14:45:01 monitor.go:49: exit_monitor: price fetch error for 2046958: gamma parse price : strconv.ParseFloat: parsing "": invalid syntax
2026/05/19 14:45:01 monitor.go:49: exit_monitor: price fetch error for 2242165: gamma parse price : strconv.ParseFloat: parsing "": invalid syntax
2026/05/19 14:45:01 monitor.go:49: exit_monitor: price fetch error for 2242161: gamma parse price : strconv.ParseFloat: parsing "": invalid syntax
2026/05/19 14:45:01 monitor.go:49: exit_monitor: price fetch error for 2205022: gamma parse price : strconv.ParseFloat: parsing "": invalid syntax
2026/05/19 14:45:01 monitor.go:49: exit_monitor: price fetch error for 2205062: gamma parse price : strconv.ParseFloat: parsing "": invalid syntax
2026/05/19 14:45:01 monitor.go:49: exit_monitor: price fetch error for 2170973: gamma parse price : strconv.ParseFloat: parsing "": invalid syntax
2026/05/19 14:45:01 monitor.go:49: exit_monitor: price fetch error for 2170978: gamma parse price : strconv.ParseFloat: parsing "": invalid syntax
2026/05/19 14:45:01 monitor.go:49: exit_monitor: price fetch error for 2241872: gamma parse price : strconv.ParseFloat: parsing "": invalid syntax
2026/05/19 14:45:02 monitor.go:49: exit_monitor: price fetch error for 2119227: gamma parse price : strconv.ParseFloat: parsing "": invalid syntax
2026/05/19 14:45:02 monitor.go:49: exit_monitor: price fetch error for 2237154: gamma parse price : strconv.ParseFloat: parsing "": invalid syntax
2026/05/19 14:45:02 monitor.go:108: exit_monitor: 0 closed, 13 remaining
2026/05/19 14:45:02 main.go:13: exit_monitor: done
2026/05/19 14:50:01 main.go:11: exit_monitor: starting one-shot pass
2026/05/19 14:50:01 monitor.go:33: exit_monitor: config loaded stopLoss=150 takeProfitPct=40%
2026/05/19 14:50:01 monitor.go:49: exit_monitor: price fetch error for 2237150: gamma parse price : strconv.ParseFloat: parsing "": invalid syntax
2026/05/19 14:50:01 monitor.go:49: exit_monitor: price fetch error for 789540: gamma parse price : strconv.ParseFloat: parsing "": invalid syntax
2026/05/19 14:50:01 monitor.go:49: exit_monitor: price fetch error for 789542: gamma parse price : strconv.ParseFloat: parsing "": invalid syntax
2026/05/19 14:50:01 monitor.go:49: exit_monitor: price fetch error for 2046958: gamma parse price : strconv.ParseFloat: parsing "": invalid syntax
2026/05/19 14:50:01 monitor.go:49: exit_monitor: price fetch error for 2242165: gamma parse price : strconv.ParseFloat: parsing "": invalid syntax
2026/05/19 14:50:01 monitor.go:49: exit_monitor: price fetch error for 2242161: gamma parse price : strconv.ParseFloat: parsing "": invalid syntax
2026/05/19 14:50:01 monitor.go:49: exit_monitor: price fetch error for 2205022: gamma parse price : strconv.ParseFloat: parsing "": invalid syntax
2026/05/19 14:50:01 monitor.go:49: exit_monitor: price fetch error for 2205062: gamma parse price : strconv.ParseFloat: parsing "": invalid syntax
2026/05/19 14:50:01 monitor.go:49: exit_monitor: price fetch error for 2170973: gamma parse price : strconv.ParseFloat: parsing "": invalid syntax
2026/05/19 14:50:01 monitor.go:49: exit_monitor: price fetch error for 2170978: gamma parse price : strconv.ParseFloat: parsing "": invalid syntax
2026/05/19 14:50:01 monitor.go:49: exit_monitor: price fetch error for 2241872: gamma parse price : strconv.ParseFloat: parsing "": invalid syntax
2026/05/19 14:50:01 monitor.go:49: exit_monitor: price fetch error for 2119227: gamma parse price : strconv.ParseFloat: parsing "": invalid syntax
2026/05/19 14:50:01 monitor.go:49: exit_monitor: price fetch error for 2237154: gamma parse price : strconv.ParseFloat: parsing "": invalid syntax
2026/05/19 14:50:01 monitor.go:108: exit_monitor: 0 closed, 13 remaining
2026/05/19 14:50:01 main.go:13: exit_monitor: done
2026/05/19 14:55:01 main.go:11: exit_monitor: starting one-shot pass
2026/05/19 14:55:01 monitor.go:33: exit_monitor: config loaded stopLoss=150 takeProfitPct=40%
2026/05/19 14:55:01 monitor.go:49: exit_monitor: price fetch error for 2237150: gamma parse price : strconv.ParseFloat: parsing "": invalid syntax
2026/05/19 14:55:01 monitor.go:49: exit_monitor: price fetch error for 789540: gamma parse price : strconv.ParseFloat: parsing "": invalid syntax
2026/05/19 14:55:01 monitor.go:49: exit_monitor: price fetch error for 789542: gamma parse price : strconv.ParseFloat: parsing "": invalid syntax
2026/05/19 14:55:01 monitor.go:49: exit_monitor: price fetch error for 2046958: gamma parse price : strconv.ParseFloat: parsing "": invalid syntax
2026/05/19 14:55:01 monitor.go:49: exit_monitor: price fetch error for 2242165: gamma parse price : strconv.ParseFloat: parsing "": invalid syntax
2026/05/19 14:55:01 monitor.go:49: exit_monitor: price fetch error for 2242161: gamma parse price : strconv.ParseFloat: parsing "": invalid syntax
2026/05/19 14:55:01 monitor.go:49: exit_monitor: price fetch error for 2205022: gamma parse price : strconv.ParseFloat: parsing "": invalid syntax
2026/05/19 14:55:01 monitor.go:49: exit_monitor: price fetch error for 2205062: gamma parse price : strconv.ParseFloat: parsing "": invalid syntax
2026/05/19 14:55:01 monitor.go:49: exit_monitor: price fetch error for 2170973: gamma parse price : strconv.ParseFloat: parsing "": invalid syntax
2026/05/19 14:55:01 monitor.go:49: exit_monitor: price fetch error for 2170978: gamma parse price : strconv.ParseFloat: parsing "": invalid syntax
2026/05/19 14:55:01 monitor.go:49: exit_monitor: price fetch error for 2241872: gamma parse price : strconv.ParseFloat: parsing "": invalid syntax
2026/05/19 14:55:01 monitor.go:49: exit_monitor: price fetch error for 2119227: gamma parse price : strconv.ParseFloat: parsing "": invalid syntax
2026/05/19 14:55:01 monitor.go:49: exit_monitor: price fetch error for 2237154: gamma parse price : strconv.ParseFloat: parsing "": invalid syntax
2026/05/19 14:55:01 monitor.go:108: exit_monitor: 0 closed, 13 remaining
2026/05/19 14:55:01 main.go:13: exit_monitor: done
2026/05/19 15:00:01 main.go:11: exit_monitor: starting one-shot pass
2026/05/19 15:00:01 monitor.go:33: exit_monitor: config loaded stopLoss=150 takeProfitPct=40%
2026/05/19 15:00:01 monitor.go:49: exit_monitor: price fetch error for 2237150: gamma parse price : strconv.ParseFloat: parsing "": invalid syntax
2026/05/19 15:00:01 monitor.go:49: exit_monitor: price fetch error for 789540: gamma parse price : strconv.ParseFloat: parsing "": invalid syntax
2026/05/19 15:00:01 monitor.go:49: exit_monitor: price fetch error for 789542: gamma parse price : strconv.ParseFloat: parsing "": invalid syntax
2026/05/19 15:00:01 monitor.go:49: exit_monitor: price fetch error for 2046958: gamma parse price : strconv.ParseFloat: parsing "": invalid syntax
2026/05/19 15:00:01 monitor.go:49: exit_monitor: price fetch error for 2242165: gamma parse price : strconv.ParseFloat: parsing "": invalid syntax
2026/05/19 15:00:02 monitor.go:49: exit_monitor: price fetch error for 2242161: gamma parse price : strconv.ParseFloat: parsing "": invalid syntax
2026/05/19 15:00:02 monitor.go:49: exit_monitor: price fetch error for 2205022: gamma parse price : strconv.ParseFloat: parsing "": invalid syntax
2026/05/19 15:00:02 monitor.go:49: exit_monitor: price fetch error for 2205062: gamma parse price : strconv.ParseFloat: parsing "": invalid syntax
2026/05/19 15:00:02 monitor.go:49: exit_monitor: price fetch error for 2170973: gamma parse price : strconv.ParseFloat: parsing "": invalid syntax
2026/05/19 15:00:02 monitor.go:49: exit_monitor: price fetch error for 2170978: gamma parse price : strconv.ParseFloat: parsing "": invalid syntax
2026/05/19 15:00:02 monitor.go:49: exit_monitor: price fetch error for 2241872: gamma parse price : strconv.ParseFloat: parsing "": invalid syntax
2026/05/19 15:00:02 monitor.go:49: exit_monitor: price fetch error for 2119227: gamma parse price : strconv.ParseFloat: parsing "": invalid syntax
2026/05/19 15:00:02 monitor.go:49: exit_monitor: price fetch error for 2237154: gamma parse price : strconv.ParseFloat: parsing "": invalid syntax
2026/05/19 15:00:02 monitor.go:108: exit_monitor: 0 closed, 13 remaining
2026/05/19 15:00:02 main.go:13: exit_monitor: done
2026/05/19 15:05:01 main.go:11: exit_monitor: starting one-shot pass
2026/05/19 15:05:01 monitor.go:33: exit_monitor: config loaded stopLoss=150 takeProfitPct=40%
2026/05/19 15:05:01 monitor.go:49: exit_monitor: price fetch error for 2237150: gamma parse price : strconv.ParseFloat: parsing "": invalid syntax
2026/05/19 15:05:01 monitor.go:49: exit_monitor: price fetch error for 789540: gamma parse price : strconv.ParseFloat: parsing "": invalid syntax
2026/05/19 15:05:01 monitor.go:49: exit_monitor: price fetch error for 789542: gamma parse price : strconv.ParseFloat: parsing "": invalid syntax
2026/05/19 15:05:01 monitor.go:49: exit_monitor: price fetch error for 2046958: gamma parse price : strconv.ParseFloat: parsing "": invalid syntax
2026/05/19 15:05:01 monitor.go:49: exit_monitor: price fetch error for 2242165: gamma parse price : strconv.ParseFloat: parsing "": invalid syntax
2026/05/19 15:05:01 monitor.go:49: exit_monitor: price fetch error for 2242161: gamma parse price : strconv.ParseFloat: parsing "": invalid syntax
2026/05/19 15:05:01 monitor.go:49: exit_monitor: price fetch error for 2205022: gamma parse price : strconv.ParseFloat: parsing "": invalid syntax
2026/05/19 15:05:01 monitor.go:49: exit_monitor: price fetch error for 2205062: gamma parse price : strconv.ParseFloat: parsing "": invalid syntax
2026/05/19 15:05:01 monitor.go:49: exit_monitor: price fetch error for 2170973: gamma parse price : strconv.ParseFloat: parsing "": invalid syntax
2026/05/19 15:05:01 monitor.go:49: exit_monitor: price fetch error for 2170978: gamma parse price : strconv.ParseFloat: parsing "": invalid syntax
2026/05/19 15:05:01 monitor.go:49: exit_monitor: price fetch error for 2241872: gamma parse price : strconv.ParseFloat: parsing "": invalid syntax
2026/05/19 15:05:01 monitor.go:49: exit_monitor: price fetch error for 2119227: gamma parse price : strconv.ParseFloat: parsing "": invalid syntax
2026/05/19 15:05:01 monitor.go:49: exit_monitor: price fetch error for 2237154: gamma parse price : strconv.ParseFloat: parsing "": invalid syntax
2026/05/19 15:05:01 monitor.go:108: exit_monitor: 0 closed, 13 remaining
2026/05/19 15:05:01 main.go:13: exit_monitor: done
2026/05/19 15:10:01 main.go:11: exit_monitor: starting one-shot pass
2026/05/19 15:10:01 monitor.go:33: exit_monitor: config loaded stopLoss=150 takeProfitPct=40%
2026/05/19 15:10:01 monitor.go:49: exit_monitor: price fetch error for 2237150: gamma parse price : strconv.ParseFloat: parsing "": invalid syntax
2026/05/19 15:10:01 monitor.go:49: exit_monitor: price fetch error for 789540: gamma parse price : strconv.ParseFloat: parsing "": invalid syntax
2026/05/19 15:10:01 monitor.go:49: exit_monitor: price fetch error for 789542: gamma parse price : strconv.ParseFloat: parsing "": invalid syntax
2026/05/19 15:10:01 monitor.go:49: exit_monitor: price fetch error for 2046958: gamma parse price : strconv.ParseFloat: parsing "": invalid syntax
2026/05/19 15:10:01 monitor.go:49: exit_monitor: price fetch error for 2242165: gamma parse price : strconv.ParseFloat: parsing "": invalid syntax
2026/05/19 15:10:01 monitor.go:49: exit_monitor: price fetch error for 2242161: gamma parse price : strconv.ParseFloat: parsing "": invalid syntax
2026/05/19 15:10:01 monitor.go:49: exit_monitor: price fetch error for 2205022: gamma parse price : strconv.ParseFloat: parsing "": invalid syntax
2026/05/19 15:10:01 monitor.go:49: exit_monitor: price fetch error for 2205062: gamma parse price : strconv.ParseFloat: parsing "": invalid syntax
2026/05/19 15:10:01 monitor.go:49: exit_monitor: price fetch error for 2170973: gamma parse price : strconv.ParseFloat: parsing "": invalid syntax
2026/05/19 15:10:01 monitor.go:49: exit_monitor: price fetch error for 2170978: gamma parse price : strconv.ParseFloat: parsing "": invalid syntax
2026/05/19 15:10:01 monitor.go:49: exit_monitor: price fetch error for 2241872: gamma parse price : strconv.ParseFloat: parsing "": invalid syntax
2026/05/19 15:10:01 monitor.go:49: exit_monitor: price fetch error for 2119227: gamma parse price : strconv.ParseFloat: parsing "": invalid syntax
2026/05/19 15:10:01 monitor.go:49: exit_monitor: price fetch error for 2237154: gamma parse price : strconv.ParseFloat: parsing "": invalid syntax
2026/05/19 15:10:01 monitor.go:108: exit_monitor: 0 closed, 13 remaining
2026/05/19 15:10:01 main.go:13: exit_monitor: done
2026/05/19 15:15:01 main.go:11: exit_monitor: starting one-shot pass
2026/05/19 15:15:01 monitor.go:33: exit_monitor: config loaded stopLoss=150 takeProfitPct=40%
2026/05/19 15:15:02 monitor.go:49: exit_monitor: price fetch error for 2237150: gamma parse price : strconv.ParseFloat: parsing "": invalid syntax
2026/05/19 15:15:02 monitor.go:49: exit_monitor: price fetch error for 789540: gamma parse price : strconv.ParseFloat: parsing "": invalid syntax
2026/05/19 15:15:02 monitor.go:49: exit_monitor: price fetch error for 789542: gamma parse price : strconv.ParseFloat: parsing "": invalid syntax
2026/05/19 15:15:02 monitor.go:49: exit_monitor: price fetch error for 2046958: gamma parse price : strconv.ParseFloat: parsing "": invalid syntax
2026/05/19 15:15:02 monitor.go:49: exit_monitor: price fetch error for 2242165: gamma parse price : strconv.ParseFloat: parsing "": invalid syntax
2026/05/19 15:15:02 monitor.go:49: exit_monitor: price fetch error for 2242161: gamma parse price : strconv.ParseFloat: parsing "": invalid syntax
2026/05/19 15:15:02 monitor.go:49: exit_monitor: price fetch error for 2205022: gamma parse price : strconv.ParseFloat: parsing "": invalid syntax
2026/05/19 15:15:02 monitor.go:49: exit_monitor: price fetch error for 2205062: gamma parse price : strconv.ParseFloat: parsing "": invalid syntax
2026/05/19 15:15:02 monitor.go:49: exit_monitor: price fetch error for 2170973: gamma parse price : strconv.ParseFloat: parsing "": invalid syntax
2026/05/19 15:15:02 monitor.go:49: exit_monitor: price fetch error for 2170978: gamma parse price : strconv.ParseFloat: parsing "": invalid syntax
2026/05/19 15:15:02 monitor.go:49: exit_monitor: price fetch error for 2241872: gamma parse price : strconv.ParseFloat: parsing "": invalid syntax
2026/05/19 15:15:02 monitor.go:49: exit_monitor: price fetch error for 2119227: gamma parse price : strconv.ParseFloat: parsing "": invalid syntax
2026/05/19 15:15:02 monitor.go:49: exit_monitor: price fetch error for 2237154: gamma parse price : strconv.ParseFloat: parsing "": invalid syntax
2026/05/19 15:15:02 monitor.go:108: exit_monitor: 0 closed, 13 remaining
2026/05/19 15:15:02 main.go:13: exit_monitor: done
2026/05/19 15:20:01 main.go:11: exit_monitor: starting one-shot pass
2026/05/19 15:20:01 monitor.go:33: exit_monitor: config loaded stopLoss=150 takeProfitPct=40%
2026/05/19 15:20:01 monitor.go:49: exit_monitor: price fetch error for 2237150: gamma parse price : strconv.ParseFloat: parsing "": invalid syntax
2026/05/19 15:20:01 monitor.go:49: exit_monitor: price fetch error for 789540: gamma parse price : strconv.ParseFloat: parsing "": invalid syntax
2026/05/19 15:20:01 monitor.go:49: exit_monitor: price fetch error for 789542: gamma parse price : strconv.ParseFloat: parsing "": invalid syntax
2026/05/19 15:20:01 monitor.go:49: exit_monitor: price fetch error for 2046958: gamma parse price : strconv.ParseFloat: parsing "": invalid syntax
2026/05/19 15:20:01 monitor.go:49: exit_monitor: price fetch error for 2242165: gamma parse price : strconv.ParseFloat: parsing "": invalid syntax
2026/05/19 15:20:01 monitor.go:49: exit_monitor: price fetch error for 2242161: gamma parse price : strconv.ParseFloat: parsing "": invalid syntax
2026/05/19 15:20:01 monitor.go:49: exit_monitor: price fetch error for 2205022: gamma parse price : strconv.ParseFloat: parsing "": invalid syntax
2026/05/19 15:20:01 monitor.go:49: exit_monitor: price fetch error for 2205062: gamma parse price : strconv.ParseFloat: parsing "": invalid syntax
2026/05/19 15:20:01 monitor.go:49: exit_monitor: price fetch error for 2170973: gamma parse price : strconv.ParseFloat: parsing "": invalid syntax
2026/05/19 15:20:01 monitor.go:49: exit_monitor: price fetch error for 2170978: gamma parse price : strconv.ParseFloat: parsing "": invalid syntax
2026/05/19 15:20:01 monitor.go:49: exit_monitor: price fetch error for 2241872: gamma parse price : strconv.ParseFloat: parsing "": invalid syntax
2026/05/19 15:20:01 monitor.go:49: exit_monitor: price fetch error for 2119227: gamma parse price : strconv.ParseFloat: parsing "": invalid syntax
2026/05/19 15:20:01 monitor.go:49: exit_monitor: price fetch error for 2237154: gamma parse price : strconv.ParseFloat: parsing "": invalid syntax
2026/05/19 15:20:01 monitor.go:108: exit_monitor: 0 closed, 13 remaining
2026/05/19 15:20:01 main.go:13: exit_monitor: done
2026/05/19 15:25:01 main.go:11: exit_monitor: starting one-shot pass
2026/05/19 15:25:01 monitor.go:33: exit_monitor: config loaded stopLoss=150 takeProfitPct=40%
2026/05/19 15:25:01 monitor.go:49: exit_monitor: price fetch error for 2237150: gamma parse price : strconv.ParseFloat: parsing "": invalid syntax
2026/05/19 15:25:01 monitor.go:49: exit_monitor: price fetch error for 789540: gamma parse price : strconv.ParseFloat: parsing "": invalid syntax
2026/05/19 15:25:01 monitor.go:49: exit_monitor: price fetch error for 789542: gamma parse price : strconv.ParseFloat: parsing "": invalid syntax
2026/05/19 15:25:01 monitor.go:49: exit_monitor: price fetch error for 2046958: gamma parse price : strconv.ParseFloat: parsing "": invalid syntax
2026/05/19 15:25:01 monitor.go:49: exit_monitor: price fetch error for 2242165: gamma parse price : strconv.ParseFloat: parsing "": invalid syntax
2026/05/19 15:25:01 monitor.go:49: exit_monitor: price fetch error for 2242161: gamma parse price : strconv.ParseFloat: parsing "": invalid syntax
2026/05/19 15:25:01 monitor.go:49: exit_monitor: price fetch error for 2205022: gamma parse price : strconv.ParseFloat: parsing "": invalid syntax
2026/05/19 15:25:01 monitor.go:49: exit_monitor: price fetch error for 2205062: gamma parse price : strconv.ParseFloat: parsing "": invalid syntax
2026/05/19 15:25:01 monitor.go:49: exit_monitor: price fetch error for 2170973: gamma parse price : strconv.ParseFloat: parsing "": invalid syntax
2026/05/19 15:25:01 monitor.go:49: exit_monitor: price fetch error for 2170978: gamma parse price : strconv.ParseFloat: parsing "": invalid syntax
2026/05/19 15:25:01 monitor.go:49: exit_monitor: price fetch error for 2241872: gamma parse price : strconv.ParseFloat: parsing "": invalid syntax
2026/05/19 15:25:01 monitor.go:49: exit_monitor: price fetch error for 2119227: gamma parse price : strconv.ParseFloat: parsing "": invalid syntax
2026/05/19 15:25:01 monitor.go:49: exit_monitor: price fetch error for 2237154: gamma parse price : strconv.ParseFloat: parsing "": invalid syntax
2026/05/19 15:25:01 monitor.go:108: exit_monitor: 0 closed, 13 remaining
2026/05/19 15:25:01 main.go:13: exit_monitor: done
2026/05/19 15:30:02 main.go:11: exit_monitor: starting one-shot pass
2026/05/19 15:30:02 monitor.go:33: exit_monitor: config loaded stopLoss=150 takeProfitPct=40%
2026/05/19 15:30:02 monitor.go:49: exit_monitor: price fetch error for 2237150: gamma parse price : strconv.ParseFloat: parsing "": invalid syntax
2026/05/19 15:30:02 monitor.go:49: exit_monitor: price fetch error for 789540: gamma parse price : strconv.ParseFloat: parsing "": invalid syntax
2026/05/19 15:30:02 monitor.go:49: exit_monitor: price fetch error for 789542: gamma parse price : strconv.ParseFloat: parsing "": invalid syntax
2026/05/19 15:30:02 monitor.go:49: exit_monitor: price fetch error for 2046958: gamma parse price : strconv.ParseFloat: parsing "": invalid syntax
2026/05/19 15:30:02 monitor.go:49: exit_monitor: price fetch error for 2242165: gamma parse price : strconv.ParseFloat: parsing "": invalid syntax
2026/05/19 15:30:02 monitor.go:49: exit_monitor: price fetch error for 2242161: gamma parse price : strconv.ParseFloat: parsing "": invalid syntax
2026/05/19 15:30:02 monitor.go:49: exit_monitor: price fetch error for 2205022: gamma parse price : strconv.ParseFloat: parsing "": invalid syntax
2026/05/19 15:30:02 monitor.go:49: exit_monitor: price fetch error for 2205062: gamma parse price : strconv.ParseFloat: parsing "": invalid syntax
2026/05/19 15:30:02 monitor.go:49: exit_monitor: price fetch error for 2170973: gamma parse price : strconv.ParseFloat: parsing "": invalid syntax
2026/05/19 15:30:02 monitor.go:49: exit_monitor: price fetch error for 2170978: gamma parse price : strconv.ParseFloat: parsing "": invalid syntax
2026/05/19 15:30:02 monitor.go:49: exit_monitor: price fetch error for 2241872: gamma parse price : strconv.ParseFloat: parsing "": invalid syntax
2026/05/19 15:30:02 monitor.go:49: exit_monitor: price fetch error for 2119227: gamma parse price : strconv.ParseFloat: parsing "": invalid syntax
2026/05/19 15:30:02 monitor.go:49: exit_monitor: price fetch error for 2237154: gamma parse price : strconv.ParseFloat: parsing "": invalid syntax
2026/05/19 15:30:02 monitor.go:108: exit_monitor: 0 closed, 13 remaining
2026/05/19 15:30:02 main.go:13: exit_monitor: done
2026/05/19 15:35:01 main.go:11: exit_monitor: starting one-shot pass
2026/05/19 15:35:01 monitor.go:33: exit_monitor: config loaded stopLoss=150 takeProfitPct=40%
2026/05/19 15:35:01 monitor.go:49: exit_monitor: price fetch error for 2237150: gamma parse price : strconv.ParseFloat: parsing "": invalid syntax
2026/05/19 15:35:01 monitor.go:49: exit_monitor: price fetch error for 789540: gamma parse price : strconv.ParseFloat: parsing "": invalid syntax
2026/05/19 15:35:01 monitor.go:49: exit_monitor: price fetch error for 789542: gamma parse price : strconv.ParseFloat: parsing "": invalid syntax
2026/05/19 15:35:01 monitor.go:49: exit_monitor: price fetch error for 2046958: gamma parse price : strconv.ParseFloat: parsing "": invalid syntax
2026/05/19 15:35:01 monitor.go:49: exit_monitor: price fetch error for 2242165: gamma parse price : strconv.ParseFloat: parsing "": invalid syntax
2026/05/19 15:35:01 monitor.go:49: exit_monitor: price fetch error for 2242161: gamma parse price : strconv.ParseFloat: parsing "": invalid syntax
2026/05/19 15:35:01 monitor.go:49: exit_monitor: price fetch error for 2205022: gamma parse price : strconv.ParseFloat: parsing "": invalid syntax
2026/05/19 15:35:01 monitor.go:49: exit_monitor: price fetch error for 2205062: gamma parse price : strconv.ParseFloat: parsing "": invalid syntax
2026/05/19 15:35:02 monitor.go:49: exit_monitor: price fetch error for 2170973: gamma parse price : strconv.ParseFloat: parsing "": invalid syntax
2026/05/19 15:35:02 monitor.go:49: exit_monitor: price fetch error for 2170978: gamma parse price : strconv.ParseFloat: parsing "": invalid syntax
2026/05/19 15:35:02 monitor.go:49: exit_monitor: price fetch error for 2241872: gamma parse price : strconv.ParseFloat: parsing "": invalid syntax
2026/05/19 15:35:02 monitor.go:49: exit_monitor: price fetch error for 2119227: gamma parse price : strconv.ParseFloat: parsing "": invalid syntax
2026/05/19 15:35:02 monitor.go:49: exit_monitor: price fetch error for 2237154: gamma parse price : strconv.ParseFloat: parsing "": invalid syntax
2026/05/19 15:35:02 monitor.go:108: exit_monitor: 0 closed, 13 remaining
2026/05/19 15:35:02 main.go:13: exit_monitor: done
2026/05/19 15:40:01 main.go:11: exit_monitor: starting one-shot pass
2026/05/19 15:40:01 monitor.go:33: exit_monitor: config loaded stopLoss=150 takeProfitPct=40%
2026/05/19 15:40:01 monitor.go:49: exit_monitor: price fetch error for 2237150: gamma parse price : strconv.ParseFloat: parsing "": invalid syntax
2026/05/19 15:40:01 monitor.go:49: exit_monitor: price fetch error for 789540: gamma parse price : strconv.ParseFloat: parsing "": invalid syntax
2026/05/19 15:40:01 monitor.go:49: exit_monitor: price fetch error for 789542: gamma parse price : strconv.ParseFloat: parsing "": invalid syntax
2026/05/19 15:40:01 monitor.go:49: exit_monitor: price fetch error for 2046958: gamma parse price : strconv.ParseFloat: parsing "": invalid syntax
2026/05/19 15:40:01 monitor.go:49: exit_monitor: price fetch error for 2242165: gamma parse price : strconv.ParseFloat: parsing "": invalid syntax
2026/05/19 15:40:01 monitor.go:49: exit_monitor: price fetch error for 2242161: gamma parse price : strconv.ParseFloat: parsing "": invalid syntax
2026/05/19 15:40:01 monitor.go:49: exit_monitor: price fetch error for 2205022: gamma parse price : strconv.ParseFloat: parsing "": invalid syntax
2026/05/19 15:40:01 monitor.go:49: exit_monitor: price fetch error for 2205062: gamma parse price : strconv.ParseFloat: parsing "": invalid syntax
2026/05/19 15:40:01 monitor.go:49: exit_monitor: price fetch error for 2170973: gamma parse price : strconv.ParseFloat: parsing "": invalid syntax
2026/05/19 15:40:01 monitor.go:49: exit_monitor: price fetch error for 2170978: gamma parse price : strconv.ParseFloat: parsing "": invalid syntax
2026/05/19 15:40:01 monitor.go:49: exit_monitor: price fetch error for 2241872: gamma parse price : strconv.ParseFloat: parsing "": invalid syntax
2026/05/19 15:40:01 monitor.go:49: exit_monitor: price fetch error for 2119227: gamma parse price : strconv.ParseFloat: parsing "": invalid syntax
2026/05/19 15:40:01 monitor.go:49: exit_monitor: price fetch error for 2237154: gamma parse price : strconv.ParseFloat: parsing "": invalid syntax
2026/05/19 15:40:01 monitor.go:108: exit_monitor: 0 closed, 13 remaining
2026/05/19 15:40:01 main.go:13: exit_monitor: done
2026/05/19 15:45:01 main.go:11: exit_monitor: starting one-shot pass
2026/05/19 15:45:01 monitor.go:33: exit_monitor: config loaded stopLoss=150 takeProfitPct=40%
2026/05/19 15:45:01 monitor.go:49: exit_monitor: price fetch error for 2237150: gamma parse price : strconv.ParseFloat: parsing "": invalid syntax
2026/05/19 15:45:01 monitor.go:49: exit_monitor: price fetch error for 789540: gamma parse price : strconv.ParseFloat: parsing "": invalid syntax
2026/05/19 15:45:01 monitor.go:49: exit_monitor: price fetch error for 789542: gamma parse price : strconv.ParseFloat: parsing "": invalid syntax
2026/05/19 15:45:01 monitor.go:49: exit_monitor: price fetch error for 2046958: gamma parse price : strconv.ParseFloat: parsing "": invalid syntax
2026/05/19 15:45:01 monitor.go:49: exit_monitor: price fetch error for 2242165: gamma parse price : strconv.ParseFloat: parsing "": invalid syntax
2026/05/19 15:45:01 monitor.go:49: exit_monitor: price fetch error for 2242161: gamma parse price : strconv.ParseFloat: parsing "": invalid syntax
2026/05/19 15:45:01 monitor.go:49: exit_monitor: price fetch error for 2205022: gamma parse price : strconv.ParseFloat: parsing "": invalid syntax
2026/05/19 15:45:01 monitor.go:49: exit_monitor: price fetch error for 2205062: gamma parse price : strconv.ParseFloat: parsing "": invalid syntax
2026/05/19 15:45:01 monitor.go:49: exit_monitor: price fetch error for 2170973: gamma parse price : strconv.ParseFloat: parsing "": invalid syntax
2026/05/19 15:45:01 monitor.go:49: exit_monitor: price fetch error for 2170978: gamma parse price : strconv.ParseFloat: parsing "": invalid syntax
2026/05/19 15:45:01 monitor.go:49: exit_monitor: price fetch error for 2241872: gamma parse price : strconv.ParseFloat: parsing "": invalid syntax
2026/05/19 15:45:01 monitor.go:49: exit_monitor: price fetch error for 2119227: gamma parse price : strconv.ParseFloat: parsing "": invalid syntax
2026/05/19 15:45:01 monitor.go:49: exit_monitor: price fetch error for 2237154: gamma parse price : strconv.ParseFloat: parsing "": invalid syntax
2026/05/19 15:45:01 monitor.go:108: exit_monitor: 0 closed, 13 remaining
2026/05/19 15:45:01 main.go:13: exit_monitor: done
2026/05/19 15:50:01 main.go:11: exit_monitor: starting one-shot pass
2026/05/19 15:50:01 monitor.go:33: exit_monitor: config loaded stopLoss=150 takeProfitPct=40%
2026/05/19 15:50:01 monitor.go:49: exit_monitor: price fetch error for 2237150: gamma parse price : strconv.ParseFloat: parsing "": invalid syntax
2026/05/19 15:50:01 monitor.go:49: exit_monitor: price fetch error for 789540: gamma parse price : strconv.ParseFloat: parsing "": invalid syntax
2026/05/19 15:50:01 monitor.go:49: exit_monitor: price fetch error for 789542: gamma parse price : strconv.ParseFloat: parsing "": invalid syntax
2026/05/19 15:50:01 monitor.go:49: exit_monitor: price fetch error for 2046958: gamma parse price : strconv.ParseFloat: parsing "": invalid syntax
2026/05/19 15:50:01 monitor.go:49: exit_monitor: price fetch error for 2242165: gamma parse price : strconv.ParseFloat: parsing "": invalid syntax
2026/05/19 15:50:01 monitor.go:49: exit_monitor: price fetch error for 2242161: gamma parse price : strconv.ParseFloat: parsing "": invalid syntax
2026/05/19 15:50:01 monitor.go:49: exit_monitor: price fetch error for 2205022: gamma parse price : strconv.ParseFloat: parsing "": invalid syntax
2026/05/19 15:50:01 monitor.go:49: exit_monitor: price fetch error for 2205062: gamma parse price : strconv.ParseFloat: parsing "": invalid syntax
2026/05/19 15:50:02 monitor.go:49: exit_monitor: price fetch error for 2170973: gamma parse price : strconv.ParseFloat: parsing "": invalid syntax
2026/05/19 15:50:02 monitor.go:49: exit_monitor: price fetch error for 2170978: gamma parse price : strconv.ParseFloat: parsing "": invalid syntax
2026/05/19 15:50:02 monitor.go:49: exit_monitor: price fetch error for 2241872: gamma parse price : strconv.ParseFloat: parsing "": invalid syntax
2026/05/19 15:50:02 monitor.go:49: exit_monitor: price fetch error for 2119227: gamma parse price : strconv.ParseFloat: parsing "": invalid syntax
2026/05/19 15:50:02 monitor.go:49: exit_monitor: price fetch error for 2237154: gamma parse price : strconv.ParseFloat: parsing "": invalid syntax
2026/05/19 15:50:02 monitor.go:108: exit_monitor: 0 closed, 13 remaining
2026/05/19 15:50:02 main.go:13: exit_monitor: done
2026/05/19 15:55:01 main.go:11: exit_monitor: starting one-shot pass
2026/05/19 15:55:01 monitor.go:33: exit_monitor: config loaded stopLoss=150 takeProfitPct=40%
2026/05/19 15:55:01 monitor.go:49: exit_monitor: price fetch error for 2237150: gamma parse price : strconv.ParseFloat: parsing "": invalid syntax
2026/05/19 15:55:01 monitor.go:49: exit_monitor: price fetch error for 789540: gamma parse price : strconv.ParseFloat: parsing "": invalid syntax
2026/05/19 15:55:01 monitor.go:49: exit_monitor: price fetch error for 789542: gamma parse price : strconv.ParseFloat: parsing "": invalid syntax
2026/05/19 15:55:01 monitor.go:49: exit_monitor: price fetch error for 2046958: gamma parse price : strconv.ParseFloat: parsing "": invalid syntax
2026/05/19 15:55:01 monitor.go:49: exit_monitor: price fetch error for 2242165: gamma parse price : strconv.ParseFloat: parsing "": invalid syntax
2026/05/19 15:55:01 monitor.go:49: exit_monitor: price fetch error for 2242161: gamma parse price : strconv.ParseFloat: parsing "": invalid syntax
2026/05/19 15:55:01 monitor.go:49: exit_monitor: price fetch error for 2205022: gamma parse price : strconv.ParseFloat: parsing "": invalid syntax
2026/05/19 15:55:01 monitor.go:49: exit_monitor: price fetch error for 2205062: gamma parse price : strconv.ParseFloat: parsing "": invalid syntax
2026/05/19 15:55:01 monitor.go:49: exit_monitor: price fetch error for 2170973: gamma parse price : strconv.ParseFloat: parsing "": invalid syntax
2026/05/19 15:55:01 monitor.go:49: exit_monitor: price fetch error for 2170978: gamma parse price : strconv.ParseFloat: parsing "": invalid syntax
2026/05/19 15:55:01 monitor.go:49: exit_monitor: price fetch error for 2241872: gamma parse price : strconv.ParseFloat: parsing "": invalid syntax
2026/05/19 15:55:01 monitor.go:49: exit_monitor: price fetch error for 2119227: gamma parse price : strconv.ParseFloat: parsing "": invalid syntax
2026/05/19 15:55:01 monitor.go:49: exit_monitor: price fetch error for 2237154: gamma parse price : strconv.ParseFloat: parsing "": invalid syntax
2026/05/19 15:55:01 monitor.go:108: exit_monitor: 0 closed, 13 remaining
2026/05/19 15:55:01 main.go:13: exit_monitor: done
2026/05/19 16:00:01 main.go:11: exit_monitor: starting one-shot pass
2026/05/19 16:00:01 monitor.go:33: exit_monitor: config loaded stopLoss=150 takeProfitPct=40%
2026/05/19 16:00:01 monitor.go:49: exit_monitor: price fetch error for 2237150: gamma parse price : strconv.ParseFloat: parsing "": invalid syntax
2026/05/19 16:00:01 monitor.go:49: exit_monitor: price fetch error for 789542: gamma parse price : strconv.ParseFloat: parsing "": invalid syntax
2026/05/19 16:00:01 monitor.go:49: exit_monitor: price fetch error for 789540: gamma parse price : strconv.ParseFloat: parsing "": invalid syntax
2026/05/19 16:00:01 monitor.go:49: exit_monitor: price fetch error for 2242092: gamma parse price : strconv.ParseFloat: parsing "": invalid syntax
2026/05/19 16:00:01 monitor.go:49: exit_monitor: price fetch error for 2170973: gamma parse price : strconv.ParseFloat: parsing "": invalid syntax
2026/05/19 16:00:01 monitor.go:49: exit_monitor: price fetch error for 2170982: gamma parse price : strconv.ParseFloat: parsing "": invalid syntax
2026/05/19 16:00:01 monitor.go:49: exit_monitor: price fetch error for 2170978: gamma parse price : strconv.ParseFloat: parsing "": invalid syntax
2026/05/19 16:00:01 monitor.go:49: exit_monitor: price fetch error for 2241872: gamma parse price : strconv.ParseFloat: parsing "": invalid syntax
2026/05/19 16:00:01 monitor.go:49: exit_monitor: price fetch error for 2119227: gamma parse price : strconv.ParseFloat: parsing "": invalid syntax
2026/05/19 16:00:01 monitor.go:49: exit_monitor: price fetch error for 2237157: gamma parse price : strconv.ParseFloat: parsing "": invalid syntax
2026/05/19 16:00:01 monitor.go:49: exit_monitor: price fetch error for 2237156: gamma parse price : strconv.ParseFloat: parsing "": invalid syntax
2026/05/19 16:00:01 monitor.go:49: exit_monitor: price fetch error for 2237155: gamma parse price : strconv.ParseFloat: parsing "": invalid syntax
2026/05/19 16:00:01 monitor.go:49: exit_monitor: price fetch error for 648378: gamma parse price : strconv.ParseFloat: parsing "": invalid syntax
2026/05/19 16:00:01 monitor.go:108: exit_monitor: 0 closed, 13 remaining
2026/05/19 16:00:01 main.go:13: exit_monitor: done
2026/05/19 16:05:01 main.go:11: exit_monitor: starting one-shot pass
2026/05/19 16:05:01 monitor.go:33: exit_monitor: config loaded stopLoss=150 takeProfitPct=40%
2026/05/19 16:05:01 monitor.go:108: exit_monitor: 0 closed, 13 remaining
2026/05/19 16:05:01 main.go:13: exit_monitor: done
2026/05/19 16:10:01 main.go:11: exit_monitor: starting one-shot pass
2026/05/19 16:10:01 monitor.go:33: exit_monitor: config loaded stopLoss=150 takeProfitPct=40%
2026/05/19 16:10:01 monitor.go:108: exit_monitor: 0 closed, 13 remaining
2026/05/19 16:10:01 main.go:13: exit_monitor: done
2026/05/19 16:15:01 main.go:11: exit_monitor: starting one-shot pass
2026/05/19 16:15:01 monitor.go:33: exit_monitor: config loaded stopLoss=150 takeProfitPct=40%
2026/05/19 16:15:02 monitor.go:108: exit_monitor: 0 closed, 13 remaining
2026/05/19 16:15:02 main.go:13: exit_monitor: done
2026/05/19 16:20:01 main.go:11: exit_monitor: starting one-shot pass
2026/05/19 16:20:01 monitor.go:33: exit_monitor: config loaded stopLoss=150 takeProfitPct=40%
2026/05/19 16:20:01 monitor.go:108: exit_monitor: 0 closed, 13 remaining
2026/05/19 16:20:01 main.go:13: exit_monitor: done
2026/05/19 16:25:01 main.go:11: exit_monitor: starting one-shot pass
2026/05/19 16:25:01 monitor.go:33: exit_monitor: config loaded stopLoss=150 takeProfitPct=40%
2026/05/19 16:25:01 monitor.go:108: exit_monitor: 0 closed, 13 remaining
2026/05/19 16:25:01 main.go:13: exit_monitor: done
2026/05/19 16:30:01 main.go:11: exit_monitor: starting one-shot pass
2026/05/19 16:30:01 monitor.go:33: exit_monitor: config loaded stopLoss=150 takeProfitPct=40%
2026/05/19 16:30:02 monitor.go:108: exit_monitor: 0 closed, 13 remaining
2026/05/19 16:30:02 main.go:13: exit_monitor: done
2026/05/19 16:35:01 main.go:11: exit_monitor: starting one-shot pass
2026/05/19 16:35:01 monitor.go:33: exit_monitor: config loaded stopLoss=150 takeProfitPct=40%
2026/05/19 16:35:02 monitor.go:108: exit_monitor: 0 closed, 13 remaining
2026/05/19 16:35:02 main.go:13: exit_monitor: done
2026/05/19 16:40:01 main.go:11: exit_monitor: starting one-shot pass
2026/05/19 16:40:01 monitor.go:33: exit_monitor: config loaded stopLoss=150 takeProfitPct=40%
2026/05/19 16:40:01 monitor.go:91: exit_monitor: closed Iran closes its airspace by May 21? (take_profit): PnL $110.00 (73.33%)
2026/05/19 16:40:01 monitor.go:108: exit_monitor: 1 closed, 12 remaining
2026/05/19 16:40:01 main.go:13: exit_monitor: done
2026/05/19 16:45:01 main.go:11: exit_monitor: starting one-shot pass
2026/05/19 16:45:01 monitor.go:33: exit_monitor: config loaded stopLoss=150 takeProfitPct=40%
2026/05/19 16:45:01 monitor.go:108: exit_monitor: 0 closed, 12 remaining
2026/05/19 16:45:01 main.go:13: exit_monitor: done
2026/05/19 16:50:01 main.go:11: exit_monitor: starting one-shot pass
2026/05/19 16:50:01 monitor.go:33: exit_monitor: config loaded stopLoss=150 takeProfitPct=40%
2026/05/19 16:50:02 monitor.go:108: exit_monitor: 0 closed, 12 remaining
2026/05/19 16:50:02 main.go:13: exit_monitor: done
2026/05/19 16:55:01 main.go:11: exit_monitor: starting one-shot pass
2026/05/19 16:55:01 monitor.go:36: exit_monitor: config loaded stopLoss=150 takeProfitPct=40%
2026/05/19 16:55:01 monitor.go:123: exit_monitor: 0 closed, 12 remaining
2026/05/19 16:55:01 main.go:13: exit_monitor: done
2026/05/19 17:00:01 main.go:11: exit_monitor: starting one-shot pass
2026/05/19 17:00:01 monitor.go:36: exit_monitor: config loaded stopLoss=150 takeProfitPct=40%
2026/05/19 17:00:01 monitor.go:123: exit_monitor: 0 closed, 12 remaining
2026/05/19 17:00:01 main.go:13: exit_monitor: done
2026/05/19 17:05:01 main.go:11: exit_monitor: starting one-shot pass
2026/05/19 17:05:01 monitor.go:36: exit_monitor: config loaded stopLoss=150 takeProfitPct=40%
2026/05/19 17:05:02 monitor.go:123: exit_monitor: 0 closed, 28 remaining
2026/05/19 17:05:02 main.go:13: exit_monitor: done
2026/05/19 17:10:01 main.go:11: exit_monitor: starting one-shot pass
2026/05/19 17:10:01 monitor.go:36: exit_monitor: config loaded stopLoss=150 takeProfitPct=40%
2026/05/19 17:10:01 monitor.go:123: exit_monitor: 0 closed, 28 remaining
2026/05/19 17:10:01 main.go:13: exit_monitor: done
2026/05/19 17:15:01 main.go:11: exit_monitor: starting one-shot pass
2026/05/19 17:15:01 monitor.go:36: exit_monitor: config loaded stopLoss=150 takeProfitPct=40%
2026/05/19 17:15:02 monitor.go:123: exit_monitor: 0 closed, 28 remaining
2026/05/19 17:15:02 main.go:13: exit_monitor: done
2026/05/19 17:20:01 main.go:11: exit_monitor: starting one-shot pass
2026/05/19 17:20:01 monitor.go:36: exit_monitor: config loaded stopLoss=150 takeProfitPct=40%
2026/05/19 17:20:02 monitor.go:123: exit_monitor: 0 closed, 28 remaining
2026/05/19 17:20:02 main.go:13: exit_monitor: done
2026/05/19 17:25:01 main.go:11: exit_monitor: starting one-shot pass
2026/05/19 17:25:01 monitor.go:36: exit_monitor: config loaded stopLoss=150 takeProfitPct=40%
2026/05/19 17:25:01 monitor.go:166: exit_monitor: 0 closed, 28 remaining
2026/05/19 17:25:01 main.go:13: exit_monitor: done
2026/05/19 17:30:01 main.go:11: exit_monitor: starting one-shot pass
2026/05/19 17:30:01 monitor.go:36: exit_monitor: config loaded stopLoss=150 takeProfitPct=40%
2026/05/19 17:30:02 monitor.go:166: exit_monitor: 0 closed, 36 remaining
2026/05/19 17:30:02 main.go:13: exit_monitor: done
2026/05/19 17:35:01 main.go:11: exit_monitor: starting one-shot pass
2026/05/19 17:35:01 monitor.go:36: exit_monitor: config loaded stopLoss=150 takeProfitPct=40%
2026/05/19 17:35:03 monitor.go:166: exit_monitor: 0 closed, 42 remaining
2026/05/19 17:35:03 main.go:13: exit_monitor: done
2026/05/19 17:40:01 main.go:11: exit_monitor: starting one-shot pass
2026/05/19 17:40:01 monitor.go:36: exit_monitor: config loaded stopLoss=150 takeProfitPct=40%
2026/05/19 17:40:02 monitor.go:166: exit_monitor: 0 closed, 42 remaining
2026/05/19 17:40:02 main.go:13: exit_monitor: done
2026/05/19 17:45:01 main.go:11: exit_monitor: starting one-shot pass
2026/05/19 17:45:01 monitor.go:36: exit_monitor: config loaded stopLoss=150 takeProfitPct=40%
2026/05/19 17:45:01 monitor.go:166: exit_monitor: 0 closed, 42 remaining
2026/05/19 17:45:01 main.go:13: exit_monitor: done
2026/05/19 17:50:01 main.go:11: exit_monitor: starting one-shot pass
2026/05/19 17:50:01 monitor.go:36: exit_monitor: config loaded stopLoss=150 takeProfitPct=40%
2026/05/19 17:50:03 monitor.go:166: exit_monitor: 0 closed, 42 remaining
2026/05/19 17:50:03 main.go:13: exit_monitor: done
2026/05/19 17:55:01 main.go:11: exit_monitor: starting one-shot pass
2026/05/19 17:55:01 monitor.go:36: exit_monitor: config loaded stopLoss=150 takeProfitPct=40%
2026/05/19 17:55:02 monitor.go:166: exit_monitor: 0 closed, 42 remaining
2026/05/19 17:55:02 main.go:13: exit_monitor: done
2026/05/19 18:00:01 main.go:11: exit_monitor: starting one-shot pass
2026/05/19 18:00:01 monitor.go:36: exit_monitor: config loaded stopLoss=150 takeProfitPct=40%
2026/05/19 18:00:02 monitor.go:166: exit_monitor: 0 closed, 42 remaining
2026/05/19 18:00:02 main.go:13: exit_monitor: done
2026/05/19 18:05:01 main.go:11: exit_monitor: starting one-shot pass
2026/05/19 18:05:01 monitor.go:36: exit_monitor: config loaded stopLoss=150 takeProfitPct=40%
2026/05/19 18:05:02 monitor.go:166: exit_monitor: 0 closed, 47 remaining
2026/05/19 18:05:02 main.go:13: exit_monitor: done
2026/05/19 18:10:01 main.go:11: exit_monitor: starting one-shot pass
2026/05/19 18:10:01 monitor.go:36: exit_monitor: config loaded stopLoss=150 takeProfitPct=40%
2026/05/19 18:10:02 monitor.go:140: exit_monitor: closed Will Discord’s market cap be between $15B and $20B at market close on IPO day? (stop_loss EARLY) @ 0.0070 src=bestBid liq=$2916: PnL $-40.23 (-89.39%)
2026/05/19 18:10:02 monitor.go:166: exit_monitor: 1 closed, 46 remaining
2026/05/19 18:10:02 main.go:13: exit_monitor: done
2026/05/19 18:15:01 main.go:11: exit_monitor: starting one-shot pass
2026/05/19 18:15:01 monitor.go:36: exit_monitor: config loaded stopLoss=150 takeProfitPct=40%
2026/05/19 18:15:03 monitor.go:166: exit_monitor: 0 closed, 46 remaining
2026/05/19 18:15:03 main.go:13: exit_monitor: done
2026/05/19 18:20:01 main.go:11: exit_monitor: starting one-shot pass
2026/05/19 18:20:01 monitor.go:36: exit_monitor: config loaded stopLoss=150 takeProfitPct=40%
2026/05/19 18:20:02 monitor.go:166: exit_monitor: 0 closed, 46 remaining
2026/05/19 18:20:02 main.go:13: exit_monitor: done
2026/05/19 18:25:01 main.go:11: exit_monitor: starting one-shot pass
2026/05/19 18:25:01 monitor.go:36: exit_monitor: config loaded stopLoss=150 takeProfitPct=40%
2026/05/19 18:25:02 monitor.go:166: exit_monitor: 0 closed, 46 remaining
2026/05/19 18:25:02 main.go:13: exit_monitor: done
2026/05/19 18:30:01 main.go:11: exit_monitor: starting one-shot pass
2026/05/19 18:30:01 monitor.go:36: exit_monitor: config loaded stopLoss=150 takeProfitPct=40%
2026/05/19 18:30:01 monitor.go:140: exit_monitor: closed Will the price of Ethereum be above $2,100 on May 19? (market_closed) @ 0.9990 src=bestBid liq=$0: PnL $52.09 (34.73%)
2026/05/19 18:30:02 monitor.go:166: exit_monitor: 1 closed, 45 remaining
2026/05/19 18:30:02 main.go:13: exit_monitor: done
2026/05/19 18:35:01 main.go:11: exit_monitor: starting one-shot pass
2026/05/19 18:35:01 monitor.go:36: exit_monitor: config loaded stopLoss=150 takeProfitPct=40%
2026/05/19 18:35:02 monitor.go:166: exit_monitor: 0 closed, 48 remaining
2026/05/19 18:35:02 main.go:13: exit_monitor: done
2026/05/19 18:40:01 main.go:11: exit_monitor: starting one-shot pass
2026/05/19 18:40:01 monitor.go:36: exit_monitor: config loaded stopLoss=150 takeProfitPct=40%
2026/05/19 18:40:02 monitor.go:166: exit_monitor: 0 closed, 48 remaining
2026/05/19 18:40:02 main.go:13: exit_monitor: done
2026/05/19 18:45:01 main.go:11: exit_monitor: starting one-shot pass
2026/05/19 18:45:01 monitor.go:36: exit_monitor: config loaded stopLoss=150 takeProfitPct=40%
2026/05/19 18:45:03 monitor.go:166: exit_monitor: 0 closed, 48 remaining
2026/05/19 18:45:03 main.go:13: exit_monitor: done
2026/05/19 18:50:01 main.go:11: exit_monitor: starting one-shot pass
2026/05/19 18:50:01 monitor.go:36: exit_monitor: config loaded stopLoss=150 takeProfitPct=40%
2026/05/19 18:50:02 monitor.go:166: exit_monitor: 0 closed, 48 remaining
2026/05/19 18:50:02 main.go:13: exit_monitor: done
2026/05/19 18:55:01 main.go:11: exit_monitor: starting one-shot pass
2026/05/19 18:55:01 monitor.go:36: exit_monitor: config loaded stopLoss=150 takeProfitPct=40%
2026/05/19 18:55:03 monitor.go:166: exit_monitor: 0 closed, 48 remaining
2026/05/19 18:55:03 main.go:13: exit_monitor: done
2026/05/19 19:00:01 main.go:11: exit_monitor: starting one-shot pass
2026/05/19 19:00:01 monitor.go:36: exit_monitor: config loaded stopLoss=150 takeProfitPct=40%
2026/05/19 19:00:02 monitor.go:166: exit_monitor: 0 closed, 48 remaining
2026/05/19 19:00:02 main.go:13: exit_monitor: done
2026/05/19 19:05:01 main.go:11: exit_monitor: starting one-shot pass
2026/05/19 19:05:01 monitor.go:36: exit_monitor: config loaded stopLoss=150 takeProfitPct=40%
2026/05/19 19:05:02 monitor.go:166: exit_monitor: 0 closed, 50 remaining
2026/05/19 19:05:02 main.go:13: exit_monitor: done
2026/05/19 19:10:01 main.go:11: exit_monitor: starting one-shot pass
2026/05/19 19:10:01 monitor.go:36: exit_monitor: config loaded stopLoss=150 takeProfitPct=40%
2026/05/19 19:10:01 monitor.go:140: exit_monitor: closed Iran closes its airspace by May 24? (take_profit EARLY) @ 0.4000 src=bestBid liq=$86880: PnL $32.83 (40.35%)
2026/05/19 19:10:02 monitor.go:166: exit_monitor: 1 closed, 49 remaining
2026/05/19 19:10:02 main.go:13: exit_monitor: done
2026/05/19 19:15:01 main.go:11: exit_monitor: starting one-shot pass
2026/05/19 19:15:01 monitor.go:36: exit_monitor: config loaded stopLoss=150 takeProfitPct=40%
2026/05/19 19:15:01 monitor.go:140: exit_monitor: closed Will AFC Bournemouth win on 2026-05-19? (take_profit) @ 0.3800 src=bestBid liq=$45810: PnL $92.97 (105.41%)
2026/05/19 19:15:01 monitor.go:140: exit_monitor: closed Iran closes its airspace by May 21? (take_profit EARLY) @ 0.2100 src=bestBid liq=$70148: PnL $38.75 (44.83%)
2026/05/19 19:15:02 monitor.go:166: exit_monitor: 2 closed, 47 remaining
2026/05/19 19:15:02 main.go:13: exit_monitor: done
2026/05/19 19:20:01 main.go:11: exit_monitor: starting one-shot pass
2026/05/19 19:20:01 monitor.go:36: exit_monitor: config loaded stopLoss=150 takeProfitPct=40%
2026/05/19 19:20:02 monitor.go:166: exit_monitor: 0 closed, 47 remaining
2026/05/19 19:20:02 main.go:13: exit_monitor: done
2026/05/19 19:25:01 main.go:11: exit_monitor: starting one-shot pass
2026/05/19 19:25:01 monitor.go:36: exit_monitor: config loaded stopLoss=150 takeProfitPct=40%
2026/05/19 19:25:03 monitor.go:166: exit_monitor: 0 closed, 47 remaining
2026/05/19 19:25:03 main.go:13: exit_monitor: done
2026/05/19 19:30:01 main.go:11: exit_monitor: starting one-shot pass
2026/05/19 19:30:01 monitor.go:36: exit_monitor: config loaded stopLoss=150 takeProfitPct=40%
2026/05/19 19:30:02 monitor.go:166: exit_monitor: 0 closed, 47 remaining
2026/05/19 19:30:02 main.go:13: exit_monitor: done
2026/05/19 19:35:01 main.go:11: exit_monitor: starting one-shot pass
2026/05/19 19:35:01 monitor.go:36: exit_monitor: config loaded stopLoss=150 takeProfitPct=40%
2026/05/19 19:35:02 monitor.go:166: exit_monitor: 0 closed, 50 remaining
2026/05/19 19:35:02 main.go:13: exit_monitor: done
2026/05/19 19:40:01 main.go:11: exit_monitor: starting one-shot pass
2026/05/19 19:40:01 monitor.go:36: exit_monitor: config loaded stopLoss=150 takeProfitPct=40%
2026/05/19 19:40:03 monitor.go:166: exit_monitor: 0 closed, 50 remaining
2026/05/19 19:40:03 main.go:13: exit_monitor: done
2026/05/19 19:45:01 main.go:11: exit_monitor: starting one-shot pass
2026/05/19 19:45:01 monitor.go:36: exit_monitor: config loaded stopLoss=150 takeProfitPct=40%
2026/05/19 19:45:02 monitor.go:166: exit_monitor: 0 closed, 50 remaining
2026/05/19 19:45:02 main.go:13: exit_monitor: done
2026/05/19 19:50:01 main.go:11: exit_monitor: starting one-shot pass
2026/05/19 19:50:01 monitor.go:36: exit_monitor: config loaded stopLoss=150 takeProfitPct=40%
2026/05/19 19:50:01 monitor.go:140: exit_monitor: closed Will Chelsea FC win on 2026-05-19? (take_profit) @ 0.6600 src=bestBid liq=$114238: PnL $62.90 (41.94%)
2026/05/19 19:50:02 monitor.go:140: exit_monitor: closed Will AC Monza win on 2026-05-19? (take_profit) @ 0.8500 src=bestBid liq=$46049: PnL $33.47 (70.00%)
2026/05/19 19:50:02 monitor.go:166: exit_monitor: 2 closed, 48 remaining
2026/05/19 19:50:02 main.go:13: exit_monitor: done
2026/05/19 19:55:01 main.go:11: exit_monitor: starting one-shot pass
2026/05/19 19:55:01 monitor.go:36: exit_monitor: config loaded stopLoss=150 takeProfitPct=40%
2026/05/19 19:55:02 monitor.go:140: exit_monitor: closed Will Manchester City win the 2025–26 English Premier League? (stop_loss EARLY) @ 0.0200 src=bestBid liq=$37748: PnL $-63.92 (-85.19%)
2026/05/19 19:55:02 monitor.go:166: exit_monitor: 1 closed, 47 remaining
2026/05/19 19:55:02 main.go:13: exit_monitor: done
2026/05/19 20:00:01 main.go:11: exit_monitor: starting one-shot pass
2026/05/19 20:00:01 monitor.go:36: exit_monitor: config loaded stopLoss=150 takeProfitPct=40%
