2026/05/28 10:00:01 main.go:49: passive_resolver: 3 distinct unresolved markets in vault/inbox/trading/predictions.jsonl
2026/05/28 11:00:01 main.go:49: passive_resolver: 3 distinct unresolved markets in vault/inbox/trading/predictions.jsonl
2026/05/28 11:00:01 main.go:89: passive_resolver: done — processed=3 closed=0 patched_rows=0 still_open=3 errors=0
2026/05/28 12:00:01 main.go:49: passive_resolver: 3 distinct unresolved markets in vault/inbox/trading/predictions.jsonl
2026/05/28 12:00:02 main.go:89: passive_resolver: done — processed=3 closed=0 patched_rows=0 still_open=3 errors=0
2026/05/28 13:00:01 main.go:49: passive_resolver: 4 distinct unresolved markets in vault/inbox/trading/predictions.jsonl
2026/05/28 13:00:01 main.go:89: passive_resolver: done — processed=4 closed=0 patched_rows=0 still_open=4 errors=0
2026/05/28 14:00:01 main.go:49: passive_resolver: 4 distinct unresolved markets in vault/inbox/trading/predictions.jsonl
2026/05/28 14:00:01 main.go:89: passive_resolver: done — processed=4 closed=0 patched_rows=0 still_open=4 errors=0
2026/05/28 15:00:01 main.go:49: passive_resolver: 4 distinct unresolved markets in vault/inbox/trading/predictions.jsonl
2026/05/28 15:00:01 main.go:89: passive_resolver: done — processed=4 closed=0 patched_rows=0 still_open=4 errors=0
2026/05/28 16:00:01 main.go:49: passive_resolver: 5 distinct unresolved markets in vault/inbox/trading/predictions.jsonl
2026/05/28 16:00:01 main.go:89: passive_resolver: done — processed=5 closed=0 patched_rows=0 still_open=5 errors=0
2026/05/28 17:00:01 main.go:49: passive_resolver: 5 distinct unresolved markets in vault/inbox/trading/predictions.jsonl
2026/05/28 17:00:01 main.go:89: passive_resolver: done — processed=5 closed=0 patched_rows=0 still_open=5 errors=0
2026/05/28 18:00:01 main.go:49: passive_resolver: 5 distinct unresolved markets in vault/inbox/trading/predictions.jsonl
2026/05/28 18:00:02 main.go:89: passive_resolver: done — processed=5 closed=0 patched_rows=0 still_open=5 errors=0
2026/05/28 19:00:01 main.go:49: passive_resolver: 5 distinct unresolved markets in vault/inbox/trading/predictions.jsonl
2026/05/28 19:00:02 main.go:86: passive_resolver: 2361490 closed → outcome=1, patched 1 row(s)
2026/05/28 19:00:02 main.go:89: passive_resolver: done — processed=5 closed=1 patched_rows=1 still_open=4 errors=0
2026/05/28 20:00:01 main.go:49: passive_resolver: 4 distinct unresolved markets in vault/inbox/trading/predictions.jsonl
2026/05/28 20:00:01 main.go:89: passive_resolver: done — processed=4 closed=0 patched_rows=0 still_open=4 errors=0
2026/05/28 21:00:01 main.go:49: passive_resolver: 5 distinct unresolved markets in vault/inbox/trading/predictions.jsonl
2026/05/28 21:00:02 main.go:89: passive_resolver: done — processed=5 closed=0 patched_rows=0 still_open=5 errors=0
2026/05/28 22:00:01 main.go:49: passive_resolver: 5 distinct unresolved markets in vault/inbox/trading/predictions.jsonl
2026/05/28 22:00:01 main.go:89: passive_resolver: done — processed=5 closed=0 patched_rows=0 still_open=5 errors=0
2026/05/28 23:00:01 main.go:49: passive_resolver: 5 distinct unresolved markets in vault/inbox/trading/predictions.jsonl
2026/05/28 23:00:01 main.go:86: passive_resolver: 1087513 closed → outcome=0, patched 1 row(s)
2026/05/28 23:00:01 main.go:89: passive_resolver: done — processed=5 closed=1 patched_rows=1 still_open=4 errors=0
2026/05/29 00:00:01 main.go:49: passive_resolver: 4 distinct unresolved markets in vault/inbox/trading/predictions.jsonl
2026/05/29 00:00:02 main.go:89: passive_resolver: done — processed=4 closed=0 patched_rows=0 still_open=4 errors=0
2026/05/29 01:00:01 main.go:49: passive_resolver: 4 distinct unresolved markets in vault/inbox/trading/predictions.jsonl
2026/05/29 01:00:01 main.go:89: passive_resolver: done — processed=4 closed=0 patched_rows=0 still_open=4 errors=0
2026/05/29 02:00:01 main.go:49: passive_resolver: 4 distinct unresolved markets in vault/inbox/trading/predictions.jsonl
2026/05/29 02:00:01 main.go:89: passive_resolver: done — processed=4 closed=0 patched_rows=0 still_open=4 errors=0
2026/05/29 03:00:01 main.go:49: passive_resolver: 4 distinct unresolved markets in vault/inbox/trading/predictions.jsonl
2026/05/29 03:00:01 main.go:89: passive_resolver: done — processed=4 closed=0 patched_rows=0 still_open=4 errors=0
2026/05/29 04:00:01 main.go:49: passive_resolver: 4 distinct unresolved markets in vault/inbox/trading/predictions.jsonl
2026/05/29 04:00:02 main.go:89: passive_resolver: done — processed=4 closed=0 patched_rows=0 still_open=4 errors=0
2026/05/29 05:00:01 main.go:49: passive_resolver: 4 distinct unresolved markets in vault/inbox/trading/predictions.jsonl
2026/05/29 05:00:01 main.go:89: passive_resolver: done — processed=4 closed=0 patched_rows=0 still_open=4 errors=0
2026/05/29 06:00:01 main.go:49: passive_resolver: 4 distinct unresolved markets in vault/inbox/trading/predictions.jsonl
2026/05/29 06:00:01 main.go:89: passive_resolver: done — processed=4 closed=0 patched_rows=0 still_open=4 errors=0
2026/05/29 07:00:01 main.go:49: passive_resolver: 4 distinct unresolved markets in vault/inbox/trading/predictions.jsonl
2026/05/29 07:00:01 main.go:89: passive_resolver: done — processed=4 closed=0 patched_rows=0 still_open=4 errors=0
2026/05/29 08:00:01 main.go:49: passive_resolver: 5 distinct unresolved markets in vault/inbox/trading/predictions.jsonl
2026/05/29 08:00:01 main.go:89: passive_resolver: done — processed=5 closed=0 patched_rows=0 still_open=5 errors=0
2026/05/29 09:00:01 main.go:49: passive_resolver: 5 distinct unresolved markets in vault/inbox/trading/predictions.jsonl
2026/05/29 09:00:02 main.go:89: passive_resolver: done — processed=5 closed=0 patched_rows=0 still_open=5 errors=0
2026/05/29 10:00:01 main.go:49: passive_resolver: 5 distinct unresolved markets in vault/inbox/trading/predictions.jsonl
2026/05/29 10:00:01 main.go:89: passive_resolver: done — processed=5 closed=0 patched_rows=0 still_open=5 errors=0
2026/05/29 11:00:01 main.go:49: passive_resolver: 5 distinct unresolved markets in vault/inbox/trading/predictions.jsonl
2026/05/29 11:00:01 main.go:89: passive_resolver: done — processed=5 closed=0 patched_rows=0 still_open=5 errors=0
2026/05/29 12:00:01 main.go:49: passive_resolver: 5 distinct unresolved markets in vault/inbox/trading/predictions.jsonl
2026/05/29 12:00:01 main.go:89: passive_resolver: done — processed=5 closed=0 patched_rows=0 still_open=5 errors=0
2026/05/29 13:00:01 main.go:49: passive_resolver: 5 distinct unresolved markets in vault/inbox/trading/predictions.jsonl
2026/05/29 13:00:02 main.go:89: passive_resolver: done — processed=5 closed=0 patched_rows=0 still_open=5 errors=0
2026/05/29 14:00:01 main.go:49: passive_resolver: 5 distinct unresolved markets in vault/inbox/trading/predictions.jsonl
2026/05/29 14:00:02 main.go:89: passive_resolver: done — processed=5 closed=0 patched_rows=0 still_open=5 errors=0
2026/05/29 15:00:01 main.go:49: passive_resolver: 6 distinct unresolved markets in vault/inbox/trading/predictions.jsonl
2026/05/29 15:00:01 main.go:89: passive_resolver: done — processed=6 closed=0 patched_rows=0 still_open=6 errors=0
2026/05/29 16:00:01 main.go:49: passive_resolver: 91 distinct unresolved markets in vault/inbox/trading/predictions.jsonl
2026/05/29 16:00:04 main.go:89: passive_resolver: done — processed=91 closed=0 patched_rows=0 still_open=91 errors=0
2026/05/29 17:00:01 main.go:49: passive_resolver: 99 distinct unresolved markets in vault/inbox/trading/predictions.jsonl
2026/05/29 17:00:04 main.go:89: passive_resolver: done — processed=99 closed=0 patched_rows=0 still_open=99 errors=0
2026/05/29 18:00:01 main.go:49: passive_resolver: 106 distinct unresolved markets in vault/inbox/trading/predictions.jsonl
2026/05/29 18:00:05 main.go:89: passive_resolver: done — processed=106 closed=0 patched_rows=0 still_open=106 errors=0
2026/05/29 19:00:01 main.go:49: passive_resolver: 109 distinct unresolved markets in vault/inbox/trading/predictions.jsonl
2026/05/29 19:00:01 main.go:86: passive_resolver: 2361675 closed → outcome=0, patched 1 row(s)
2026/05/29 19:00:04 main.go:89: passive_resolver: done — processed=109 closed=1 patched_rows=1 still_open=108 errors=0
2026/05/29 20:00:01 main.go:49: passive_resolver: 115 distinct unresolved markets in vault/inbox/trading/predictions.jsonl
2026/05/29 20:00:03 main.go:86: passive_resolver: 2362718 closed → outcome=1, patched 3 row(s)
2026/05/29 20:00:04 main.go:89: passive_resolver: done — processed=115 closed=1 patched_rows=3 still_open=114 errors=0
2026/05/29 21:00:01 main.go:49: passive_resolver: 119 distinct unresolved markets in vault/inbox/trading/predictions.jsonl
2026/05/29 21:00:04 main.go:89: passive_resolver: done — processed=119 closed=0 patched_rows=0 still_open=119 errors=0
2026/05/29 22:00:01 main.go:49: passive_resolver: 120 distinct unresolved markets in vault/inbox/trading/predictions.jsonl
2026/05/29 22:00:04 main.go:89: passive_resolver: done — processed=120 closed=0 patched_rows=0 still_open=120 errors=0
2026/05/29 23:00:01 main.go:49: passive_resolver: 122 distinct unresolved markets in vault/inbox/trading/predictions.jsonl
2026/05/29 23:00:02 main.go:86: passive_resolver: 2134334 closed → outcome=0, patched 6 row(s)
2026/05/29 23:00:04 main.go:89: passive_resolver: done — processed=122 closed=1 patched_rows=6 still_open=121 errors=0
2026/05/30 00:00:01 main.go:49: passive_resolver: 124 distinct unresolved markets in vault/inbox/trading/predictions.jsonl
2026/05/30 00:00:02 main.go:86: passive_resolver: 2132638 closed → outcome=0, patched 1 row(s)
2026/05/30 00:00:02 main.go:86: passive_resolver: 2053635 closed → outcome=1, patched 6 row(s)
2026/05/30 00:00:02 main.go:86: passive_resolver: 2325745 closed → outcome=1, patched 16 row(s)
2026/05/30 00:00:04 main.go:89: passive_resolver: done — processed=124 closed=3 patched_rows=23 still_open=121 errors=0
2026/05/30 01:00:01 main.go:49: passive_resolver: 122 distinct unresolved markets in vault/inbox/trading/predictions.jsonl
2026/05/30 01:00:04 main.go:89: passive_resolver: done — processed=122 closed=0 patched_rows=0 still_open=122 errors=0
2026/05/30 02:00:01 main.go:49: passive_resolver: 126 distinct unresolved markets in vault/inbox/trading/predictions.jsonl
2026/05/30 03:00:01 main.go:49: passive_resolver: 130 distinct unresolved markets in vault/inbox/trading/predictions.jsonl
2026/05/30 03:00:07 main.go:89: passive_resolver: done — processed=130 closed=0 patched_rows=0 still_open=130 errors=0
2026/05/30 04:00:01 main.go:49: passive_resolver: 129 distinct unresolved markets in vault/inbox/trading/predictions.jsonl
2026/05/30 04:00:04 main.go:89: passive_resolver: done — processed=129 closed=0 patched_rows=0 still_open=129 errors=0
2026/05/30 05:00:01 main.go:49: passive_resolver: 130 distinct unresolved markets in vault/inbox/trading/predictions.jsonl
2026/05/30 05:00:02 main.go:86: passive_resolver: 2134342 closed → outcome=0, patched 9 row(s)
2026/05/30 05:00:03 main.go:86: passive_resolver: 1087531 closed → outcome=0, patched 5 row(s)
2026/05/30 05:00:04 main.go:89: passive_resolver: done — processed=130 closed=2 patched_rows=14 still_open=128 errors=0
2026/05/30 06:00:01 main.go:49: passive_resolver: 129 distinct unresolved markets in vault/inbox/trading/predictions.jsonl
2026/05/30 06:00:02 main.go:86: passive_resolver: 553849 closed → outcome=0, patched 3 row(s)
2026/05/30 06:00:03 main.go:86: passive_resolver: 1087515 closed → outcome=0, patched 9 row(s)
2026/05/30 06:00:04 main.go:89: passive_resolver: done — processed=129 closed=2 patched_rows=12 still_open=127 errors=0
2026/05/30 07:00:01 main.go:49: passive_resolver: 128 distinct unresolved markets in vault/inbox/trading/predictions.jsonl
2026/05/30 07:00:05 main.go:89: passive_resolver: done — processed=128 closed=0 patched_rows=0 still_open=128 errors=0
2026/05/30 08:00:02 main.go:49: passive_resolver: 129 distinct unresolved markets in vault/inbox/trading/predictions.jsonl
2026/05/30 08:00:05 main.go:89: passive_resolver: done — processed=129 closed=0 patched_rows=0 still_open=129 errors=0
2026/05/30 09:00:01 main.go:49: passive_resolver: 130 distinct unresolved markets in vault/inbox/trading/predictions.jsonl
2026/05/30 09:00:03 main.go:86: passive_resolver: 1087534 closed → outcome=0, patched 5 row(s)
2026/05/30 09:00:04 main.go:89: passive_resolver: done — processed=130 closed=1 patched_rows=5 still_open=129 errors=0
2026/05/30 10:00:01 main.go:49: passive_resolver: 132 distinct unresolved markets in vault/inbox/trading/predictions.jsonl
2026/05/30 10:00:05 main.go:89: passive_resolver: done — processed=132 closed=0 patched_rows=0 still_open=132 errors=0
2026/05/30 11:00:02 main.go:49: passive_resolver: 137 distinct unresolved markets in vault/inbox/trading/predictions.jsonl
2026/05/30 11:00:06 main.go:89: passive_resolver: done — processed=137 closed=0 patched_rows=0 still_open=137 errors=0
2026/05/30 12:00:01 main.go:49: passive_resolver: 138 distinct unresolved markets in vault/inbox/trading/predictions.jsonl
2026/05/30 12:00:05 main.go:89: passive_resolver: done — processed=138 closed=0 patched_rows=0 still_open=138 errors=0
2026/05/30 13:00:02 main.go:49: passive_resolver: 139 distinct unresolved markets in vault/inbox/trading/predictions.jsonl
2026/05/30 13:00:05 main.go:89: passive_resolver: done — processed=139 closed=0 patched_rows=0 still_open=139 errors=0
2026/05/30 14:00:01 main.go:49: passive_resolver: 141 distinct unresolved markets in vault/inbox/trading/predictions.jsonl
2026/05/30 14:00:05 main.go:89: passive_resolver: done — processed=141 closed=0 patched_rows=0 still_open=141 errors=0
2026/05/30 15:00:02 main.go:49: passive_resolver: 143 distinct unresolved markets in vault/inbox/trading/predictions.jsonl
2026/05/30 15:00:06 main.go:89: passive_resolver: done — processed=143 closed=0 patched_rows=0 still_open=143 errors=0
2026/05/30 16:00:01 main.go:49: passive_resolver: 148 distinct unresolved markets in vault/inbox/trading/predictions.jsonl
2026/05/30 16:00:09 main.go:89: passive_resolver: done — processed=148 closed=0 patched_rows=0 still_open=148 errors=0
2026/05/30 17:00:01 main.go:49: passive_resolver: 149 distinct unresolved markets in vault/inbox/trading/predictions.jsonl
2026/05/30 17:00:03 main.go:86: passive_resolver: 1087525 closed → outcome=0, patched 42 row(s)
2026/05/30 17:00:03 main.go:86: passive_resolver: 2310344 closed → outcome=0, patched 4 row(s)
2026/05/30 17:00:05 main.go:89: passive_resolver: done — processed=149 closed=2 patched_rows=46 still_open=147 errors=0
2026/05/30 18:00:01 main.go:49: passive_resolver: 150 distinct unresolved markets in vault/inbox/trading/predictions.jsonl
2026/05/30 18:00:06 main.go:89: passive_resolver: done — processed=150 closed=0 patched_rows=0 still_open=150 errors=0
2026/05/30 19:00:01 main.go:49: passive_resolver: 155 distinct unresolved markets in vault/inbox/trading/predictions.jsonl
2026/05/30 19:00:02 main.go:86: passive_resolver: 2340270 closed → outcome=0, patched 1 row(s)
2026/05/30 19:00:03 main.go:86: passive_resolver: 2340268 closed → outcome=0, patched 26 row(s)
2026/05/30 19:00:04 main.go:86: passive_resolver: 2340266 closed → outcome=1, patched 27 row(s)
2026/05/30 19:00:05 main.go:86: passive_resolver: 2354179 closed → outcome=1, patched 10 row(s)
2026/05/30 19:00:07 main.go:89: passive_resolver: done — processed=155 closed=4 patched_rows=64 still_open=151 errors=0
2026/05/30 20:00:01 main.go:49: passive_resolver: 204 distinct unresolved markets in vault/inbox/trading/predictions.jsonl
2026/05/30 20:00:02 main.go:86: passive_resolver: 2316217 closed → outcome=1, patched 9 row(s)
2026/05/30 20:00:07 main.go:86: passive_resolver: 2316218 closed → outcome=0, patched 56 row(s)
2026/05/30 20:00:07 main.go:86: passive_resolver: 2324493 closed → outcome=1, patched 21 row(s)
2026/05/30 20:00:08 main.go:89: passive_resolver: done — processed=204 closed=3 patched_rows=86 still_open=201 errors=0
2026/05/30 21:00:01 main.go:49: passive_resolver: 210 distinct unresolved markets in vault/inbox/trading/predictions.jsonl
